<?xml version="1.0" encoding="UTF-8"?>
<testsuites name="Keypath_Testsuite_APAC_SEO" time="676.248" tests="28" failures="2" errors="2">
   <testsuite name="Keypath_Testsuite_APAC_SEO" tests="28" failures="2" errors="2" time="676.248" skipped="0" timestamp="24-10-2024T13:20:22" hostname="madhansivaraj - 192.168.4.22" id="Test Suites/Keypath_Testsuite_APAC_SEO">
      <properties>
         <property name="deviceName" value=""/>
         <property name="devicePlatform"/>
         <property name="logFolder" value="/Users/madhansivaraj/git/Keypath_Automation_Testing_Mster/Reports/20241024_132018/Keypath_Testsuite_APAC_SEO/20241024_132018"/>
         <property name="logFiles" value="/Users/madhansivaraj/git/Keypath_Automation_Testing_Mster/Reports/20241024_132018/Keypath_Testsuite_APAC_SEO/20241024_132018/execution0.log"/>
         <property name="attachments" value="/Users/madhansivaraj/git/Keypath_Automation_Testing_Mster/Reports/20241024_132018/Keypath_Testsuite_APAC_SEO/20241024_132018/1729736939606.png, /Users/madhansivaraj/git/Keypath_Automation_Testing_Mster/Reports/20241024_132018/Keypath_Testsuite_APAC_SEO/20241024_132018/1729736948501.png"/>
         <property name="hostName" value="madhansivaraj - 192.168.4.22"/>
         <property name="os" value="Mac OS X 64bit"/>
         <property name="katalonVersion" value="9.6.0.217"/>
         <property name="browser" value="Chrome 130.0.0.0"/>
         <property name="hostAddress" value="192.168.4.22"/>
         <property name="sessionId" value="884ddb0bae7f1df5b91acc97aee0bebc"/>
         <property name="seleniumVersion" value="3.141.59"/>
         <property name="proxyInformation" value="ProxyInformation { proxyOption=NO_PROXY, proxyServerType=HTTP, username=, password=********, proxyServerAddress=, proxyServerPort=0, executionList=&quot;&quot;, isApplyToDesiredCapabilities=true }"/>
         <property name="platform" value="Mac OS X"/>
      </properties>
      <testcase name="Test Cases/APAC_Universities/SEO_PAGES/RMIT_University/Enquiry_Form" time="37.305" classname="Test Cases/APAC_Universities/SEO_PAGES/RMIT_University/Enquiry_Form" status="PASSED">
         <system-out><![CDATA[24-10-2024T13:20:23 - [TEST_CASE][PASSED] - Test Cases/APAC_Universities/SEO_PAGES/RMIT_University/Enquiry_Form: Test Cases/APAC_Universities/SEO_PAGES/RMIT_University/Enquiry_Form

24-10-2024T13:20:23 - [TEST_STEP][PASSED] - callTestCase(findTestCase("Test Cases/APAC_Universities/SEO_PAGES/RMIT_University/Reusuable_Testcases/Naviigate_Url"), [:], STOP_ON_FAILURE): Call Test Case 'Test Cases/APAC_Universities/SEO_PAGES/RMIT_University/Reusuable_Testcases/Naviigate_Url' successfully

24-10-2024T13:20:23 - [TEST_CASE][PASSED] - Test Cases/APAC_Universities/SEO_PAGES/RMIT_University/Reusuable_Testcases/Naviigate_Url: Test Cases/APAC_Universities/SEO_PAGES/RMIT_University/Reusuable_Testcases/Naviigate_Url

24-10-2024T13:20:23 - [TEST_STEP][PASSED] - openBrowser(""): Browser is opened with url: ''

24-10-2024T13:20:23 - [MESSAGE][INFO] - Starting 'Chrome' driver

24-10-2024T13:20:23 - [MESSAGE][INFO] - Action delay is set to 0 milliseconds

24-10-2024T13:20:24 - [MESSAGE][PASSED] - Browser is opened with url: ''

24-10-2024T13:20:24 - [TEST_STEP][PASSED] - navigateToUrl(University_RMIT): Navigate to 'https://key:path@dev-rmit-opm.pantheonsite.io' successfully

24-10-2024T13:20:40 - [MESSAGE][PASSED] - Navigate to 'https://key:path@dev-rmit-opm.pantheonsite.io' successfully

24-10-2024T13:20:40 - [TEST_STEP][PASSED] - maximizeWindow(): Current window maximized

24-10-2024T13:20:40 - [MESSAGE][PASSED] - Current window maximized

24-10-2024T13:20:40 - [MESSAGE][PASSED] - Call Test Case 'Test Cases/APAC_Universities/SEO_PAGES/RMIT_University/Reusuable_Testcases/Naviigate_Url' successfully

24-10-2024T13:20:40 - [TEST_STEP][PASSED] - waitForElementClickable(findTestObject("Object Repository/APAC_University/Rmit_University/Enquiry_Now/Button_Enquiry_Now"), 10): Object 'Object Repository/APAC_University/Rmit_University/Enquiry_Now/Button_Enquiry_Now' is clickable

24-10-2024T13:20:40 - [MESSAGE][PASSED] - Object 'Object Repository/APAC_University/Rmit_University/Enquiry_Now/Button_Enquiry_Now' is clickable

24-10-2024T13:20:40 - [TEST_STEP][PASSED] - click(findTestObject("Object Repository/APAC_University/Rmit_University/Enquiry_Now/Button_Enquiry_Now")): Object: 'Object Repository/APAC_University/Rmit_University/Enquiry_Now/Button_Enquiry_Now' is clicked on

24-10-2024T13:20:42 - [MESSAGE][PASSED] - Object: 'Object Repository/APAC_University/Rmit_University/Enquiry_Now/Button_Enquiry_Now' is clicked on

24-10-2024T13:20:42 - [TEST_STEP][PASSED] - program = findTestObject("Object Repository/APAC_University/Rmit_University/Enquiry_Now/Dropdown_Enquiry_Program"): null

24-10-2024T13:20:42 - [TEST_STEP][PASSED] - selectOptionByIndex(program, keyPathPackage.customKeywords.selectRandomOptionFromDropdown()): All options with index in [1] are selected on object 'Object Repository/APAC_University/Rmit_University/Enquiry_Now/Dropdown_Enquiry_Program'

24-10-2024T13:20:42 - [MESSAGE][PASSED] - keyPathPackage.customKeywords.selectRandomOptionFromDropdown is PASSED

24-10-2024T13:20:44 - [MESSAGE][PASSED] - All options with index in [1] are selected on object 'Object Repository/APAC_University/Rmit_University/Enquiry_Now/Dropdown_Enquiry_Program'

24-10-2024T13:20:44 - [TEST_STEP][PASSED] - FirstName = keyPathPackage.customKeywords.generateRandomFirstName(): keyPathPackage.customKeywords.generateRandomFirstName is PASSED

24-10-2024T13:20:44 - [MESSAGE][PASSED] - keyPathPackage.customKeywords.generateRandomFirstName is PASSED

24-10-2024T13:20:44 - [TEST_STEP][PASSED] - setText(findTestObject("Object Repository/APAC_University/Rmit_University/Enquiry_Now/Field_FirstName"), FirstName): Text 'Cristobal' is set on object 'Object Repository/APAC_University/Rmit_University/Enquiry_Now/Field_FirstName'

24-10-2024T13:20:44 - [MESSAGE][PASSED] - Text 'Cristobal' is set on object 'Object Repository/APAC_University/Rmit_University/Enquiry_Now/Field_FirstName'

24-10-2024T13:20:44 - [TEST_STEP][PASSED] - LastName = keyPathPackage.customKeywords.generateRandomLastName(): keyPathPackage.customKeywords.generateRandomLastName is PASSED

24-10-2024T13:20:45 - [MESSAGE][PASSED] - keyPathPackage.customKeywords.generateRandomLastName is PASSED

24-10-2024T13:20:45 - [TEST_STEP][PASSED] - setText(findTestObject("Object Repository/APAC_University/Rmit_University/Enquiry_Now/Field_SecondName"), LastName): Text 'Testing Legros' is set on object 'Object Repository/APAC_University/Rmit_University/Enquiry_Now/Field_SecondName'

24-10-2024T13:20:45 - [MESSAGE][PASSED] - Text 'Testing Legros' is set on object 'Object Repository/APAC_University/Rmit_University/Enquiry_Now/Field_SecondName'

24-10-2024T13:20:45 - [TEST_STEP][PASSED] - waitForElementClickable(findTestObject("Object Repository/APAC_University/Rmit_University/Enquiry_Now/Button_Nextstep2"), 10): Object 'Object Repository/APAC_University/Rmit_University/Enquiry_Now/Button_Nextstep2' is clickable

24-10-2024T13:20:45 - [MESSAGE][PASSED] - Object 'Object Repository/APAC_University/Rmit_University/Enquiry_Now/Button_Nextstep2' is clickable

24-10-2024T13:20:45 - [TEST_STEP][PASSED] - click(findTestObject("Object Repository/APAC_University/Rmit_University/Enquiry_Now/Button_Nextstep2")): Object: 'Object Repository/APAC_University/Rmit_University/Enquiry_Now/Button_Nextstep2' is clicked on

24-10-2024T13:20:46 - [MESSAGE][PASSED] - Object: 'Object Repository/APAC_University/Rmit_University/Enquiry_Now/Button_Nextstep2' is clicked on

24-10-2024T13:20:46 - [TEST_STEP][PASSED] - Phonenumber = keyPathPackage.customKeywords.generateRandomAustralianPhoneNumber(): keyPathPackage.customKeywords.generateRandomAustralianPhoneNumber is PASSED

24-10-2024T13:20:46 - [MESSAGE][PASSED] - keyPathPackage.customKeywords.generateRandomAustralianPhoneNumber is PASSED

24-10-2024T13:20:46 - [TEST_STEP][PASSED] - setText(findTestObject("Object Repository/APAC_University/Rmit_University/Enquiry_Now/Field_Phonenumber"), Phonenumber): Text '0411613212' is set on object 'Object Repository/APAC_University/Rmit_University/Enquiry_Now/Field_Phonenumber'

24-10-2024T13:20:46 - [MESSAGE][PASSED] - Text '0411613212' is set on object 'Object Repository/APAC_University/Rmit_University/Enquiry_Now/Field_Phonenumber'

24-10-2024T13:20:46 - [TEST_STEP][PASSED] - Email = keyPathPackage.customKeywords.generateRandomEmail(): keyPathPackage.customKeywords.generateRandomEmail is PASSED

24-10-2024T13:20:46 - [MESSAGE][PASSED] - keyPathPackage.customKeywords.generateRandomEmail is PASSED

24-10-2024T13:20:46 - [TEST_STEP][PASSED] - setText(findTestObject("Object Repository/APAC_University/Rmit_University/Enquiry_Now/Field_Email"), Email): Text 'wilber.bosco@hotmail.com' is set on object 'Object Repository/APAC_University/Rmit_University/Enquiry_Now/Field_Email'

24-10-2024T13:20:47 - [MESSAGE][PASSED] - Text 'wilber.bosco@hotmail.com' is set on object 'Object Repository/APAC_University/Rmit_University/Enquiry_Now/Field_Email'

24-10-2024T13:20:47 - [TEST_STEP][PASSED] - waitForElementClickable(findTestObject("Object Repository/APAC_University/Rmit_University/Enquiry_Now/Button_Nextstep3"), 10): Object 'Object Repository/APAC_University/Rmit_University/Enquiry_Now/Button_Nextstep3' is clickable

24-10-2024T13:20:47 - [MESSAGE][PASSED] - Object 'Object Repository/APAC_University/Rmit_University/Enquiry_Now/Button_Nextstep3' is clickable

24-10-2024T13:20:47 - [TEST_STEP][PASSED] - click(findTestObject("Object Repository/APAC_University/Rmit_University/Enquiry_Now/Button_Nextstep3")): Object: 'Object Repository/APAC_University/Rmit_University/Enquiry_Now/Button_Nextstep3' is clicked on

24-10-2024T13:20:47 - [MESSAGE][PASSED] - Object: 'Object Repository/APAC_University/Rmit_University/Enquiry_Now/Button_Nextstep3' is clicked on

24-10-2024T13:20:47 - [TEST_STEP][PASSED] - selectOptionByLabel(findTestObject("Object Repository/APAC_University/Rmit_University/Enquiry_Now/Dropdown_Country"), "Australia", false): All options with label 'Australia' are selected in object 'Object Repository/APAC_University/Rmit_University/Enquiry_Now/Dropdown_Country' 

24-10-2024T13:20:48 - [MESSAGE][PASSED] - All options with label 'Australia' are selected in object 'Object Repository/APAC_University/Rmit_University/Enquiry_Now/Dropdown_Country' 

24-10-2024T13:20:48 - [TEST_STEP][PASSED] - delay(3): Delayed 3 second(s)

24-10-2024T13:20:51 - [MESSAGE][PASSED] - Delayed 3 second(s)

24-10-2024T13:20:51 - [TEST_STEP][PASSED] - Postcode = keyPathPackage.customKeywords.selectRandomPostCode(): keyPathPackage.customKeywords.selectRandomPostCode is PASSED

24-10-2024T13:20:51 - [MESSAGE][PASSED] - keyPathPackage.customKeywords.selectRandomPostCode is PASSED

24-10-2024T13:20:51 - [TEST_STEP][PASSED] - setText(findTestObject("Object Repository/APAC_University/Rmit_University/Enquiry_Now/Field_Pincode"), Postcode): Text '4713' is set on object 'Object Repository/APAC_University/Rmit_University/Enquiry_Now/Field_Pincode'

24-10-2024T13:20:52 - [MESSAGE][PASSED] - Text '4713' is set on object 'Object Repository/APAC_University/Rmit_University/Enquiry_Now/Field_Pincode'

24-10-2024T13:20:52 - [TEST_STEP][PASSED] - setText(findTestObject("Object Repository/APAC_University/Rmit_University/Enquiry_Now/Field_Pincode"), Postcode): Text '4713' is set on object 'Object Repository/APAC_University/Rmit_University/Enquiry_Now/Field_Pincode'

24-10-2024T13:20:52 - [MESSAGE][PASSED] - Text '4713' is set on object 'Object Repository/APAC_University/Rmit_University/Enquiry_Now/Field_Pincode'

24-10-2024T13:20:52 - [TEST_STEP][PASSED] - waitForElementClickable(findTestObject("Object Repository/APAC_University/Rmit_University/Enquiry_Now/Button_GetStarted"), 10): Object 'Object Repository/APAC_University/Rmit_University/Enquiry_Now/Button_GetStarted' is clickable

24-10-2024T13:20:52 - [MESSAGE][PASSED] - Object 'Object Repository/APAC_University/Rmit_University/Enquiry_Now/Button_GetStarted' is clickable

24-10-2024T13:20:52 - [TEST_STEP][PASSED] - click(findTestObject("Object Repository/APAC_University/Rmit_University/Enquiry_Now/Button_GetStarted")): Object: 'Object Repository/APAC_University/Rmit_University/Enquiry_Now/Button_GetStarted' is clicked on

24-10-2024T13:20:53 - [MESSAGE][PASSED] - Object: 'Object Repository/APAC_University/Rmit_University/Enquiry_Now/Button_GetStarted' is clicked on

24-10-2024T13:20:53 - [TEST_STEP][PASSED] - delay(5): Delayed 5 second(s)

24-10-2024T13:20:58 - [MESSAGE][PASSED] - Delayed 5 second(s)

24-10-2024T13:20:58 - [TEST_STEP][PASSED] - verifyElementText(findTestObject("Object Repository/APAC_University/Rmit_University/Main_Page/Verify_Message"), "Thank you for enquiring"): Actual text and expected text of test object 'Object Repository/APAC_University/Rmit_University/Main_Page/Verify_Message' are matched.

24-10-2024T13:21:00 - [MESSAGE][PASSED] - Actual text and expected text of test object 'Object Repository/APAC_University/Rmit_University/Main_Page/Verify_Message' are matched.]]></system-out>
         <system-err><![CDATA[]]></system-err>
      </testcase>
      <testcase name="Test Cases/APAC_Universities/SEO_PAGES/RMIT_University/Main_Page" time="17.765" classname="Test Cases/APAC_Universities/SEO_PAGES/RMIT_University/Main_Page" status="PASSED">
         <system-out><![CDATA[24-10-2024T13:21:00 - [TEST_CASE][PASSED] - Test Cases/APAC_Universities/SEO_PAGES/RMIT_University/Main_Page: Test Cases/APAC_Universities/SEO_PAGES/RMIT_University/Main_Page

24-10-2024T13:21:00 - [TEST_STEP][PASSED] - callTestCase(findTestCase("Test Cases/APAC_Universities/SEO_PAGES/RMIT_University/Reusuable_Testcases/Navigate to home page"), [:], STOP_ON_FAILURE): Call Test Case 'Test Cases/APAC_Universities/SEO_PAGES/RMIT_University/Reusuable_Testcases/Navigate to home page' successfully

24-10-2024T13:21:00 - [TEST_CASE][PASSED] - Test Cases/APAC_Universities/SEO_PAGES/RMIT_University/Reusuable_Testcases/Navigate to home page: Test Cases/APAC_Universities/SEO_PAGES/RMIT_University/Reusuable_Testcases/Navigate to home page

24-10-2024T13:21:00 - [TEST_STEP][PASSED] - waitForElementClickable(findTestObject("Object Repository/APAC_University/Rmit_University/Main_Page/Image_Homepage"), 10): Object 'Object Repository/APAC_University/Rmit_University/Main_Page/Image_Homepage' is clickable

24-10-2024T13:21:00 - [MESSAGE][PASSED] - Object 'Object Repository/APAC_University/Rmit_University/Main_Page/Image_Homepage' is clickable

24-10-2024T13:21:00 - [TEST_STEP][PASSED] - click(findTestObject("Object Repository/APAC_University/Rmit_University/Main_Page/Image_Homepage")): Object: 'Object Repository/APAC_University/Rmit_University/Main_Page/Image_Homepage' is clicked on

24-10-2024T13:21:00 - [MESSAGE][PASSED] - Object: 'Object Repository/APAC_University/Rmit_University/Main_Page/Image_Homepage' is clicked on

24-10-2024T13:21:00 - [MESSAGE][PASSED] - Call Test Case 'Test Cases/APAC_Universities/SEO_PAGES/RMIT_University/Reusuable_Testcases/Navigate to home page' successfully

24-10-2024T13:21:00 - [TEST_STEP][PASSED] - callTestCase(findTestCase("Test Cases/APAC_Universities/SEO_PAGES/RMIT_University/Reusuable_Testcases/Lead_Form"), [:], STOP_ON_FAILURE): Call Test Case 'Test Cases/APAC_Universities/SEO_PAGES/RMIT_University/Reusuable_Testcases/Lead_Form' successfully

24-10-2024T13:21:01 - [TEST_CASE][PASSED] - Test Cases/APAC_Universities/SEO_PAGES/RMIT_University/Reusuable_Testcases/Lead_Form: Test Cases/APAC_Universities/SEO_PAGES/RMIT_University/Reusuable_Testcases/Lead_Form

24-10-2024T13:21:01 - [TEST_STEP][PASSED] - program = findTestObject("Object Repository/APAC_University/Rmit_University/Main_Page/Dropdown_Program"): null

24-10-2024T13:21:01 - [TEST_STEP][PASSED] - selectOptionByIndex(program, keyPathPackage.customKeywords.selectRandomOptionFromDropdown()): All options with index in [1] are selected on object 'Object Repository/APAC_University/Rmit_University/Main_Page/Dropdown_Program'

24-10-2024T13:21:01 - [MESSAGE][PASSED] - keyPathPackage.customKeywords.selectRandomOptionFromDropdown is PASSED

24-10-2024T13:21:04 - [MESSAGE][PASSED] - All options with index in [1] are selected on object 'Object Repository/APAC_University/Rmit_University/Main_Page/Dropdown_Program'

24-10-2024T13:21:04 - [TEST_STEP][PASSED] - FirstName = keyPathPackage.customKeywords.generateRandomFirstName(): keyPathPackage.customKeywords.generateRandomFirstName is PASSED

24-10-2024T13:21:04 - [MESSAGE][PASSED] - keyPathPackage.customKeywords.generateRandomFirstName is PASSED

24-10-2024T13:21:04 - [TEST_STEP][PASSED] - setText(findTestObject("Object Repository/APAC_University/Rmit_University/Main_Page/Field_FirstName"), FirstName): Text 'Quincy' is set on object 'Object Repository/APAC_University/Rmit_University/Main_Page/Field_FirstName'

24-10-2024T13:21:04 - [MESSAGE][PASSED] - Text 'Quincy' is set on object 'Object Repository/APAC_University/Rmit_University/Main_Page/Field_FirstName'

24-10-2024T13:21:04 - [TEST_STEP][PASSED] - LastName = keyPathPackage.customKeywords.generateRandomLastName(): keyPathPackage.customKeywords.generateRandomLastName is PASSED

24-10-2024T13:21:04 - [MESSAGE][PASSED] - keyPathPackage.customKeywords.generateRandomLastName is PASSED

24-10-2024T13:21:04 - [TEST_STEP][PASSED] - setText(findTestObject("Object Repository/APAC_University/Rmit_University/Main_Page/Field_LastName"), LastName): Text 'Testing Trantow' is set on object 'Object Repository/APAC_University/Rmit_University/Main_Page/Field_LastName'

24-10-2024T13:21:05 - [MESSAGE][PASSED] - Text 'Testing Trantow' is set on object 'Object Repository/APAC_University/Rmit_University/Main_Page/Field_LastName'

24-10-2024T13:21:05 - [TEST_STEP][PASSED] - waitForElementClickable(findTestObject("Object Repository/APAC_University/Rmit_University/Main_Page/Button_Nextstep2"), 10): Object 'Object Repository/APAC_University/Rmit_University/Main_Page/Button_Nextstep2' is clickable

24-10-2024T13:21:05 - [MESSAGE][PASSED] - Object 'Object Repository/APAC_University/Rmit_University/Main_Page/Button_Nextstep2' is clickable

24-10-2024T13:21:05 - [TEST_STEP][PASSED] - click(findTestObject("Object Repository/APAC_University/Rmit_University/Main_Page/Button_Nextstep2")): Object: 'Object Repository/APAC_University/Rmit_University/Main_Page/Button_Nextstep2' is clicked on

24-10-2024T13:21:05 - [MESSAGE][PASSED] - Object: 'Object Repository/APAC_University/Rmit_University/Main_Page/Button_Nextstep2' is clicked on

24-10-2024T13:21:05 - [TEST_STEP][PASSED] - startdate = findTestObject("Object Repository/APAC_University/Rmit_University/Main_Page/Dropdown_Enquiry_StartDate"): null

24-10-2024T13:21:05 - [TEST_STEP][PASSED] - selectOptionByIndex(startdate, keyPathPackage.customKeywords.selectRandomOptionFromDropdown()): All options with index in [1] are selected on object 'Object Repository/APAC_University/Rmit_University/Main_Page/Dropdown_Enquiry_StartDate'

24-10-2024T13:21:05 - [MESSAGE][PASSED] - keyPathPackage.customKeywords.selectRandomOptionFromDropdown is PASSED

24-10-2024T13:21:06 - [MESSAGE][PASSED] - All options with index in [1] are selected on object 'Object Repository/APAC_University/Rmit_University/Main_Page/Dropdown_Enquiry_StartDate'

24-10-2024T13:21:06 - [TEST_STEP][PASSED] - Enquiryreason = findTestObject("Object Repository/APAC_University/Rmit_University/Main_Page/Dropdown_EnquiryReason"): null

24-10-2024T13:21:06 - [TEST_STEP][PASSED] - selectOptionByIndex(Enquiryreason, keyPathPackage.customKeywords.selectRandomOptionFromDropdown()): All options with index in [2] are selected on object 'Object Repository/APAC_University/Rmit_University/Main_Page/Dropdown_EnquiryReason'

24-10-2024T13:21:06 - [MESSAGE][PASSED] - keyPathPackage.customKeywords.selectRandomOptionFromDropdown is PASSED

24-10-2024T13:21:07 - [MESSAGE][PASSED] - All options with index in [2] are selected on object 'Object Repository/APAC_University/Rmit_University/Main_Page/Dropdown_EnquiryReason'

24-10-2024T13:21:07 - [TEST_STEP][PASSED] - selectOptionByValue(findTestObject("Object Repository/APAC_University/Rmit_University/Main_Page/Dropdown_Enquiry_Leveleducation"), Education_Level, false): All options with value 'Postgraduate diploma' are selected in object 'Object Repository/APAC_University/Rmit_University/Main_Page/Dropdown_Enquiry_Leveleducation' 

24-10-2024T13:21:08 - [MESSAGE][PASSED] - All options with value 'Postgraduate diploma' are selected in object 'Object Repository/APAC_University/Rmit_University/Main_Page/Dropdown_Enquiry_Leveleducation' 

24-10-2024T13:21:08 - [TEST_STEP][PASSED] - Workexperience = findTestObject("Object Repository/APAC_University/Rmit_University/Main_Page/Field_Enquiry_Workexperience"): null

24-10-2024T13:21:08 - [TEST_STEP][PASSED] - selectOptionByIndex(Workexperience, keyPathPackage.customKeywords.selectRandomOptionFromDropdown()): All options with index in [1] are selected on object 'Object Repository/APAC_University/Rmit_University/Main_Page/Field_Enquiry_Workexperience'

24-10-2024T13:21:08 - [MESSAGE][PASSED] - keyPathPackage.customKeywords.selectRandomOptionFromDropdown is PASSED

24-10-2024T13:21:08 - [MESSAGE][PASSED] - All options with index in [1] are selected on object 'Object Repository/APAC_University/Rmit_University/Main_Page/Field_Enquiry_Workexperience'

24-10-2024T13:21:08 - [TEST_STEP][PASSED] - waitForElementClickable(findTestObject("Object Repository/APAC_University/Rmit_University/Main_Page/Button_Nextstep3"), 10): Object 'Object Repository/APAC_University/Rmit_University/Main_Page/Button_Nextstep3' is clickable

24-10-2024T13:21:08 - [MESSAGE][PASSED] - Object 'Object Repository/APAC_University/Rmit_University/Main_Page/Button_Nextstep3' is clickable

24-10-2024T13:21:08 - [TEST_STEP][PASSED] - click(findTestObject("Object Repository/APAC_University/Rmit_University/Main_Page/Button_Nextstep3")): Object: 'Object Repository/APAC_University/Rmit_University/Main_Page/Button_Nextstep3' is clicked on

24-10-2024T13:21:09 - [MESSAGE][PASSED] - Object: 'Object Repository/APAC_University/Rmit_University/Main_Page/Button_Nextstep3' is clicked on

24-10-2024T13:21:09 - [TEST_STEP][PASSED] - Phonenumber = keyPathPackage.customKeywords.generateRandomAustralianPhoneNumber(): keyPathPackage.customKeywords.generateRandomAustralianPhoneNumber is PASSED

24-10-2024T13:21:09 - [MESSAGE][PASSED] - keyPathPackage.customKeywords.generateRandomAustralianPhoneNumber is PASSED

24-10-2024T13:21:09 - [TEST_STEP][PASSED] - setText(findTestObject("Object Repository/APAC_University/Rmit_University/Main_Page/Field_Phonenumber"), Phonenumber): Text '0439751689' is set on object 'Object Repository/APAC_University/Rmit_University/Main_Page/Field_Phonenumber'

24-10-2024T13:21:09 - [MESSAGE][PASSED] - Text '0439751689' is set on object 'Object Repository/APAC_University/Rmit_University/Main_Page/Field_Phonenumber'

24-10-2024T13:21:09 - [TEST_STEP][PASSED] - Email = keyPathPackage.customKeywords.generateRandomEmail(): keyPathPackage.customKeywords.generateRandomEmail is PASSED

24-10-2024T13:21:10 - [MESSAGE][PASSED] - keyPathPackage.customKeywords.generateRandomEmail is PASSED

24-10-2024T13:21:10 - [TEST_STEP][PASSED] - setText(findTestObject("Object Repository/APAC_University/Rmit_University/Main_Page/Field_Email"), Email): Text 'nathanial.smith@gmail.com' is set on object 'Object Repository/APAC_University/Rmit_University/Main_Page/Field_Email'

24-10-2024T13:21:10 - [MESSAGE][PASSED] - Text 'nathanial.smith@gmail.com' is set on object 'Object Repository/APAC_University/Rmit_University/Main_Page/Field_Email'

24-10-2024T13:21:10 - [TEST_STEP][PASSED] - selectOptionByLabel(findTestObject("Object Repository/APAC_University/Rmit_University/Main_Page/Dropdown_Country"), "Australia", false): All options with label 'Australia' are selected in object 'Object Repository/APAC_University/Rmit_University/Main_Page/Dropdown_Country' 

24-10-2024T13:21:11 - [MESSAGE][PASSED] - All options with label 'Australia' are selected in object 'Object Repository/APAC_University/Rmit_University/Main_Page/Dropdown_Country' 

24-10-2024T13:21:11 - [TEST_STEP][PASSED] - Postcode = keyPathPackage.customKeywords.selectRandomPostCode(): keyPathPackage.customKeywords.selectRandomPostCode is PASSED

24-10-2024T13:21:11 - [MESSAGE][PASSED] - keyPathPackage.customKeywords.selectRandomPostCode is PASSED

24-10-2024T13:21:11 - [TEST_STEP][PASSED] - setText(findTestObject("Object Repository/APAC_University/Rmit_University/Main_Page/Dropdown_Zipcode"), Postcode): Text '9876' is set on object 'Object Repository/APAC_University/Rmit_University/Main_Page/Dropdown_Zipcode'

24-10-2024T13:21:11 - [MESSAGE][PASSED] - Text '9876' is set on object 'Object Repository/APAC_University/Rmit_University/Main_Page/Dropdown_Zipcode'

24-10-2024T13:21:11 - [TEST_STEP][PASSED] - setText(findTestObject("Object Repository/APAC_University/Rmit_University/Main_Page/Dropdown_Zipcode"), Postcode): Text '9876' is set on object 'Object Repository/APAC_University/Rmit_University/Main_Page/Dropdown_Zipcode'

24-10-2024T13:21:12 - [MESSAGE][PASSED] - Text '9876' is set on object 'Object Repository/APAC_University/Rmit_University/Main_Page/Dropdown_Zipcode'

24-10-2024T13:21:12 - [TEST_STEP][PASSED] - waitForElementClickable(findTestObject("Object Repository/APAC_University/Rmit_University/Main_Page/Button_Download"), 10): Object 'Object Repository/APAC_University/Rmit_University/Main_Page/Button_Download' is clickable

24-10-2024T13:21:12 - [MESSAGE][PASSED] - Object 'Object Repository/APAC_University/Rmit_University/Main_Page/Button_Download' is clickable

24-10-2024T13:21:12 - [TEST_STEP][PASSED] - click(findTestObject("Object Repository/APAC_University/Rmit_University/Main_Page/Button_Download")): Object: 'Object Repository/APAC_University/Rmit_University/Main_Page/Button_Download' is clicked on

24-10-2024T13:21:12 - [MESSAGE][PASSED] - Object: 'Object Repository/APAC_University/Rmit_University/Main_Page/Button_Download' is clicked on

24-10-2024T13:21:12 - [TEST_STEP][PASSED] - delay(5): Delayed 5 second(s)

24-10-2024T13:21:17 - [MESSAGE][PASSED] - Delayed 5 second(s)

24-10-2024T13:21:17 - [TEST_STEP][PASSED] - verifyElementText(findTestObject("Object Repository/APAC_University/Rmit_University/Main_Page/Verify_Message"), "Thank you for enquiring"): Actual text and expected text of test object 'Object Repository/APAC_University/Rmit_University/Main_Page/Verify_Message' are matched.

24-10-2024T13:21:17 - [MESSAGE][PASSED] - Actual text and expected text of test object 'Object Repository/APAC_University/Rmit_University/Main_Page/Verify_Message' are matched.

24-10-2024T13:21:17 - [MESSAGE][PASSED] - Call Test Case 'Test Cases/APAC_Universities/SEO_PAGES/RMIT_University/Reusuable_Testcases/Lead_Form' successfully

24-10-2024T13:21:17 - [TEST_STEP][PASSED] - closeBrowser(): Browser is closed

24-10-2024T13:21:18 - [MESSAGE][PASSED] - Browser is closed]]></system-out>
         <system-err><![CDATA[]]></system-err>
      </testcase>
      <testcase name="Test Cases/APAC_Universities/SEO_PAGES/Deakin_University/Enquiry_Now" time="31.334" classname="Test Cases/APAC_Universities/SEO_PAGES/Deakin_University/Enquiry_Now" status="PASSED">
         <system-out><![CDATA[24-10-2024T13:21:18 - [TEST_CASE][PASSED] - Test Cases/APAC_Universities/SEO_PAGES/Deakin_University/Enquiry_Now: Test Cases/APAC_Universities/SEO_PAGES/Deakin_University/Enquiry_Now

24-10-2024T13:21:18 - [TEST_STEP][PASSED] - callTestCase(findTestCase("Test Cases/APAC_Universities/SEO_PAGES/Deakin_University/Resuable_Testcases/Navigate_URL"), [:], STOP_ON_FAILURE): Call Test Case 'Test Cases/APAC_Universities/SEO_PAGES/Deakin_University/Resuable_Testcases/Navigate_URL' successfully

24-10-2024T13:21:18 - [TEST_CASE][PASSED] - Test Cases/APAC_Universities/SEO_PAGES/Deakin_University/Resuable_Testcases/Navigate_URL: Test Cases/APAC_Universities/SEO_PAGES/Deakin_University/Resuable_Testcases/Navigate_URL

24-10-2024T13:21:18 - [TEST_STEP][PASSED] - openBrowser(""): Browser is opened with url: ''

24-10-2024T13:21:18 - [MESSAGE][INFO] - Starting 'Chrome' driver

24-10-2024T13:21:18 - [MESSAGE][INFO] - Action delay is set to 0 milliseconds

24-10-2024T13:21:18 - [MESSAGE][PASSED] - Browser is opened with url: ''

24-10-2024T13:21:18 - [TEST_STEP][PASSED] - navigateToUrl(University_Deakin_URL): Navigate to 'https://key:path@dev-du-opm.pantheonsite.io/' successfully

24-10-2024T13:21:36 - [MESSAGE][PASSED] - Navigate to 'https://key:path@dev-du-opm.pantheonsite.io/' successfully

24-10-2024T13:21:36 - [TEST_STEP][PASSED] - maximizeWindow(): Current window maximized

24-10-2024T13:21:38 - [MESSAGE][PASSED] - Current window maximized

24-10-2024T13:21:38 - [MESSAGE][PASSED] - Call Test Case 'Test Cases/APAC_Universities/SEO_PAGES/Deakin_University/Resuable_Testcases/Navigate_URL' successfully

24-10-2024T13:21:38 - [TEST_STEP][PASSED] - waitForElementClickable(findTestObject("Object Repository/APAC_University/Deakin_University/Button_Enquiry_Now"), 10): Object 'Object Repository/APAC_University/Deakin_University/Button_Enquiry_Now' is clickable

24-10-2024T13:21:38 - [MESSAGE][PASSED] - Object 'Object Repository/APAC_University/Deakin_University/Button_Enquiry_Now' is clickable

24-10-2024T13:21:38 - [TEST_STEP][PASSED] - click(findTestObject("Object Repository/APAC_University/Deakin_University/Button_Enquiry_Now")): Object: 'Object Repository/APAC_University/Deakin_University/Button_Enquiry_Now' is clicked on

24-10-2024T13:21:39 - [MESSAGE][PASSED] - Object: 'Object Repository/APAC_University/Deakin_University/Button_Enquiry_Now' is clicked on

24-10-2024T13:21:39 - [TEST_STEP][PASSED] - program = findTestObject("Object Repository/APAC_University/Deakin_University/Dropdown_Program"): null

24-10-2024T13:21:39 - [TEST_STEP][PASSED] - selectOptionByIndex(program, keyPathPackage.customKeywords.selectRandomOptionFromDropdown()): All options with index in [1] are selected on object 'Object Repository/APAC_University/Deakin_University/Dropdown_Program'

24-10-2024T13:21:39 - [MESSAGE][PASSED] - keyPathPackage.customKeywords.selectRandomOptionFromDropdown is PASSED

24-10-2024T13:21:42 - [MESSAGE][PASSED] - All options with index in [1] are selected on object 'Object Repository/APAC_University/Deakin_University/Dropdown_Program'

24-10-2024T13:21:42 - [TEST_STEP][PASSED] - FirstName = keyPathPackage.customKeywords.generateRandomFirstName(): keyPathPackage.customKeywords.generateRandomFirstName is PASSED

24-10-2024T13:21:42 - [MESSAGE][PASSED] - keyPathPackage.customKeywords.generateRandomFirstName is PASSED

24-10-2024T13:21:42 - [TEST_STEP][PASSED] - setText(findTestObject("Object Repository/APAC_University/Deakin_University/Field_Firstname"), FirstName): Text 'Spring' is set on object 'Object Repository/APAC_University/Deakin_University/Field_Firstname'

24-10-2024T13:21:42 - [MESSAGE][PASSED] - Text 'Spring' is set on object 'Object Repository/APAC_University/Deakin_University/Field_Firstname'

24-10-2024T13:21:42 - [TEST_STEP][PASSED] - LastName = keyPathPackage.customKeywords.generateRandomLastName(): keyPathPackage.customKeywords.generateRandomLastName is PASSED

24-10-2024T13:21:42 - [MESSAGE][PASSED] - keyPathPackage.customKeywords.generateRandomLastName is PASSED

24-10-2024T13:21:42 - [TEST_STEP][PASSED] - setText(findTestObject("Object Repository/APAC_University/Deakin_University/Field_Lastname"), LastName): Text 'Testing DuBuque' is set on object 'Object Repository/APAC_University/Deakin_University/Field_Lastname'

24-10-2024T13:21:43 - [MESSAGE][PASSED] - Text 'Testing DuBuque' is set on object 'Object Repository/APAC_University/Deakin_University/Field_Lastname'

24-10-2024T13:21:43 - [TEST_STEP][PASSED] - Email = keyPathPackage.customKeywords.generateRandomEmail(): keyPathPackage.customKeywords.generateRandomEmail is PASSED

24-10-2024T13:21:43 - [MESSAGE][PASSED] - keyPathPackage.customKeywords.generateRandomEmail is PASSED

24-10-2024T13:21:43 - [TEST_STEP][PASSED] - setText(findTestObject("Object Repository/APAC_University/Deakin_University/Field_Email"), Email): Text 'edie.koch@gmail.com' is set on object 'Object Repository/APAC_University/Deakin_University/Field_Email'

24-10-2024T13:21:43 - [MESSAGE][PASSED] - Text 'edie.koch@gmail.com' is set on object 'Object Repository/APAC_University/Deakin_University/Field_Email'

24-10-2024T13:21:43 - [TEST_STEP][PASSED] - Phonenumber = keyPathPackage.customKeywords.generateRandomAustralianPhoneNumber(): keyPathPackage.customKeywords.generateRandomAustralianPhoneNumber is PASSED

24-10-2024T13:21:43 - [MESSAGE][PASSED] - keyPathPackage.customKeywords.generateRandomAustralianPhoneNumber is PASSED

24-10-2024T13:21:43 - [TEST_STEP][PASSED] - setText(findTestObject("Object Repository/APAC_University/Deakin_University/Field_Phonenumber"), Phonenumber): Text '0480885201' is set on object 'Object Repository/APAC_University/Deakin_University/Field_Phonenumber'

24-10-2024T13:21:44 - [MESSAGE][PASSED] - Text '0480885201' is set on object 'Object Repository/APAC_University/Deakin_University/Field_Phonenumber'

24-10-2024T13:21:44 - [TEST_STEP][PASSED] - startdate = findTestObject("Object Repository/APAC_University/Deakin_University/Dropdown_Startdate"): null

24-10-2024T13:21:44 - [TEST_STEP][PASSED] - selectOptionByIndex(startdate, keyPathPackage.customKeywords.selectRandomOptionFromDropdown()): All options with index in [1] are selected on object 'Object Repository/APAC_University/Deakin_University/Dropdown_Startdate'

24-10-2024T13:21:44 - [MESSAGE][PASSED] - keyPathPackage.customKeywords.selectRandomOptionFromDropdown is PASSED

24-10-2024T13:21:45 - [MESSAGE][PASSED] - All options with index in [1] are selected on object 'Object Repository/APAC_University/Deakin_University/Dropdown_Startdate'

24-10-2024T13:21:45 - [TEST_STEP][PASSED] - selectOptionByValue(findTestObject("Object Repository/APAC_University/Deakin_University/Dropdown_Highereducation"), Education_Level, false): All options with value 'Postgraduate diploma' are selected in object 'Object Repository/APAC_University/Deakin_University/Dropdown_Highereducation' 

24-10-2024T13:21:45 - [MESSAGE][PASSED] - All options with value 'Postgraduate diploma' are selected in object 'Object Repository/APAC_University/Deakin_University/Dropdown_Highereducation' 

24-10-2024T13:21:45 - [TEST_STEP][PASSED] - Workexperience = findTestObject("Object Repository/APAC_University/Deakin_University/Dropdown_Workexperience"): null

24-10-2024T13:21:45 - [TEST_STEP][PASSED] - selectOptionByIndex(Workexperience, keyPathPackage.customKeywords.selectRandomOptionFromDropdown()): All options with index in [1] are selected on object 'Object Repository/APAC_University/Deakin_University/Dropdown_Workexperience'

24-10-2024T13:21:45 - [MESSAGE][PASSED] - keyPathPackage.customKeywords.selectRandomOptionFromDropdown is PASSED

24-10-2024T13:21:46 - [MESSAGE][PASSED] - All options with index in [1] are selected on object 'Object Repository/APAC_University/Deakin_University/Dropdown_Workexperience'

24-10-2024T13:21:46 - [TEST_STEP][PASSED] - Enquiryreason = findTestObject("Object Repository/APAC_University/Deakin_University/Dropdown_Enquiry"): null

24-10-2024T13:21:46 - [TEST_STEP][PASSED] - selectOptionByIndex(Enquiryreason, keyPathPackage.customKeywords.selectRandomOptionFromDropdown()): All options with index in [2] are selected on object 'Object Repository/APAC_University/Deakin_University/Dropdown_Enquiry'

24-10-2024T13:21:46 - [MESSAGE][PASSED] - keyPathPackage.customKeywords.selectRandomOptionFromDropdown is PASSED

24-10-2024T13:21:47 - [MESSAGE][PASSED] - All options with index in [2] are selected on object 'Object Repository/APAC_University/Deakin_University/Dropdown_Enquiry'

24-10-2024T13:21:47 - [TEST_STEP][PASSED] - selectOptionByLabel(findTestObject("Object Repository/APAC_University/Deakin_University/Dropdown_Country"), "Australia", false): All options with label 'Australia' are selected in object 'Object Repository/APAC_University/Deakin_University/Dropdown_Country' 

24-10-2024T13:21:47 - [MESSAGE][PASSED] - All options with label 'Australia' are selected in object 'Object Repository/APAC_University/Deakin_University/Dropdown_Country' 

24-10-2024T13:21:47 - [TEST_STEP][PASSED] - Postcode = keyPathPackage.customKeywords.selectRandomPostCode(): keyPathPackage.customKeywords.selectRandomPostCode is PASSED

24-10-2024T13:21:47 - [MESSAGE][PASSED] - keyPathPackage.customKeywords.selectRandomPostCode is PASSED

24-10-2024T13:21:47 - [TEST_STEP][PASSED] - setText(findTestObject("Object Repository/APAC_University/Deakin_University/Field_Postcode"), Postcode): Text '2946' is set on object 'Object Repository/APAC_University/Deakin_University/Field_Postcode'

24-10-2024T13:21:48 - [MESSAGE][PASSED] - Text '2946' is set on object 'Object Repository/APAC_University/Deakin_University/Field_Postcode'

24-10-2024T13:21:48 - [TEST_STEP][PASSED] - setText(findTestObject("Object Repository/APAC_University/Deakin_University/Field_Postcode"), Postcode): Text '2946' is set on object 'Object Repository/APAC_University/Deakin_University/Field_Postcode'

24-10-2024T13:21:48 - [MESSAGE][PASSED] - Text '2946' is set on object 'Object Repository/APAC_University/Deakin_University/Field_Postcode'

24-10-2024T13:21:48 - [TEST_STEP][PASSED] - waitForElementClickable(findTestObject("Object Repository/APAC_University/Deakin_University/Button_Submit"), 10): Object 'Object Repository/APAC_University/Deakin_University/Button_Submit' is clickable

24-10-2024T13:21:49 - [MESSAGE][PASSED] - Object 'Object Repository/APAC_University/Deakin_University/Button_Submit' is clickable

24-10-2024T13:21:49 - [TEST_STEP][PASSED] - click(findTestObject("Object Repository/APAC_University/Deakin_University/Button_Submit")): Object: 'Object Repository/APAC_University/Deakin_University/Button_Submit' is clicked on

24-10-2024T13:21:49 - [MESSAGE][PASSED] - Object: 'Object Repository/APAC_University/Deakin_University/Button_Submit' is clicked on]]></system-out>
         <system-err><![CDATA[]]></system-err>
      </testcase>
      <testcase name="Test Cases/APAC_Universities/SEO_PAGES/Deakin_University/Main_page" time="19.024" classname="Test Cases/APAC_Universities/SEO_PAGES/Deakin_University/Main_page" status="PASSED">
         <system-out><![CDATA[24-10-2024T13:21:49 - [TEST_CASE][PASSED] - Test Cases/APAC_Universities/SEO_PAGES/Deakin_University/Main_page: Test Cases/APAC_Universities/SEO_PAGES/Deakin_University/Main_page

24-10-2024T13:21:49 - [TEST_STEP][PASSED] - callTestCase(findTestCase("Test Cases/APAC_Universities/SEO_PAGES/Deakin_University/Resuable_Testcases/Navigate_HomePage"), [:], STOP_ON_FAILURE): Call Test Case 'Test Cases/APAC_Universities/SEO_PAGES/Deakin_University/Resuable_Testcases/Navigate_HomePage' successfully

24-10-2024T13:21:49 - [TEST_CASE][PASSED] - Test Cases/APAC_Universities/SEO_PAGES/Deakin_University/Resuable_Testcases/Navigate_HomePage: Test Cases/APAC_Universities/SEO_PAGES/Deakin_University/Resuable_Testcases/Navigate_HomePage

24-10-2024T13:21:49 - [TEST_STEP][PASSED] - waitForElementClickable(findTestObject("Object Repository/APAC_University/Deakin_University/Image_Homepage"), 10): Object 'Object Repository/APAC_University/Deakin_University/Image_Homepage' is clickable

24-10-2024T13:21:51 - [MESSAGE][PASSED] - Object 'Object Repository/APAC_University/Deakin_University/Image_Homepage' is clickable

24-10-2024T13:21:51 - [TEST_STEP][PASSED] - click(findTestObject("Object Repository/APAC_University/Deakin_University/Image_Homepage")): Object: 'Object Repository/APAC_University/Deakin_University/Image_Homepage' is clicked on

24-10-2024T13:21:53 - [MESSAGE][PASSED] - Object: 'Object Repository/APAC_University/Deakin_University/Image_Homepage' is clicked on

24-10-2024T13:21:53 - [MESSAGE][PASSED] - Call Test Case 'Test Cases/APAC_Universities/SEO_PAGES/Deakin_University/Resuable_Testcases/Navigate_HomePage' successfully

24-10-2024T13:21:53 - [TEST_STEP][PASSED] - program = findTestObject("Object Repository/APAC_University/Deakin_University/Dropdown_Program"): null

24-10-2024T13:21:53 - [TEST_STEP][PASSED] - selectOptionByIndex(program, keyPathPackage.customKeywords.selectRandomOptionFromDropdown()): All options with index in [1] are selected on object 'Object Repository/APAC_University/Deakin_University/Dropdown_Program'

24-10-2024T13:21:53 - [MESSAGE][PASSED] - keyPathPackage.customKeywords.selectRandomOptionFromDropdown is PASSED

24-10-2024T13:21:54 - [MESSAGE][PASSED] - All options with index in [1] are selected on object 'Object Repository/APAC_University/Deakin_University/Dropdown_Program'

24-10-2024T13:21:54 - [TEST_STEP][PASSED] - FirstName = keyPathPackage.customKeywords.generateRandomFirstName(): keyPathPackage.customKeywords.generateRandomFirstName is PASSED

24-10-2024T13:21:54 - [MESSAGE][PASSED] - keyPathPackage.customKeywords.generateRandomFirstName is PASSED

24-10-2024T13:21:54 - [TEST_STEP][PASSED] - setText(findTestObject("Object Repository/APAC_University/Deakin_University/Field_Firstname"), FirstName): Text 'Kirk' is set on object 'Object Repository/APAC_University/Deakin_University/Field_Firstname'

24-10-2024T13:21:55 - [MESSAGE][PASSED] - Text 'Kirk' is set on object 'Object Repository/APAC_University/Deakin_University/Field_Firstname'

24-10-2024T13:21:55 - [TEST_STEP][PASSED] - LastName = keyPathPackage.customKeywords.generateRandomLastName(): keyPathPackage.customKeywords.generateRandomLastName is PASSED

24-10-2024T13:21:55 - [MESSAGE][PASSED] - keyPathPackage.customKeywords.generateRandomLastName is PASSED

24-10-2024T13:21:55 - [TEST_STEP][PASSED] - setText(findTestObject("Object Repository/APAC_University/Deakin_University/Field_Lastname"), LastName): Text 'Testing Franecki' is set on object 'Object Repository/APAC_University/Deakin_University/Field_Lastname'

24-10-2024T13:21:55 - [MESSAGE][PASSED] - Text 'Testing Franecki' is set on object 'Object Repository/APAC_University/Deakin_University/Field_Lastname'

24-10-2024T13:21:55 - [TEST_STEP][PASSED] - waitForElementClickable(findTestObject("Object Repository/APAC_University/Deakin_University/Button_NextStep2"), 10): Object 'Object Repository/APAC_University/Deakin_University/Button_NextStep2' is clickable

24-10-2024T13:21:56 - [MESSAGE][PASSED] - Object 'Object Repository/APAC_University/Deakin_University/Button_NextStep2' is clickable

24-10-2024T13:21:56 - [TEST_STEP][PASSED] - click(findTestObject("Object Repository/APAC_University/Deakin_University/Button_NextStep2")): Object: 'Object Repository/APAC_University/Deakin_University/Button_NextStep2' is clicked on

24-10-2024T13:21:56 - [MESSAGE][PASSED] - Object: 'Object Repository/APAC_University/Deakin_University/Button_NextStep2' is clicked on

24-10-2024T13:21:56 - [TEST_STEP][PASSED] - startdate = findTestObject("Object Repository/APAC_University/Deakin_University/Dropdown_Startdate"): null

24-10-2024T13:21:56 - [TEST_STEP][PASSED] - selectOptionByIndex(startdate, keyPathPackage.customKeywords.selectRandomOptionFromDropdown()): All options with index in [1] are selected on object 'Object Repository/APAC_University/Deakin_University/Dropdown_Startdate'

24-10-2024T13:21:56 - [MESSAGE][PASSED] - keyPathPackage.customKeywords.selectRandomOptionFromDropdown is PASSED

24-10-2024T13:21:57 - [MESSAGE][PASSED] - All options with index in [1] are selected on object 'Object Repository/APAC_University/Deakin_University/Dropdown_Startdate'

24-10-2024T13:21:57 - [TEST_STEP][PASSED] - Enquiryreason = findTestObject("Object Repository/APAC_University/Deakin_University/Dropdown_Enquiry"): null

24-10-2024T13:21:57 - [TEST_STEP][PASSED] - selectOptionByIndex(Enquiryreason, keyPathPackage.customKeywords.selectRandomOptionFromDropdown()): All options with index in [2] are selected on object 'Object Repository/APAC_University/Deakin_University/Dropdown_Enquiry'

24-10-2024T13:21:57 - [MESSAGE][PASSED] - keyPathPackage.customKeywords.selectRandomOptionFromDropdown is PASSED

24-10-2024T13:21:57 - [MESSAGE][PASSED] - All options with index in [2] are selected on object 'Object Repository/APAC_University/Deakin_University/Dropdown_Enquiry'

24-10-2024T13:21:57 - [TEST_STEP][PASSED] - selectOptionByValue(findTestObject("Object Repository/APAC_University/Deakin_University/Dropdown_Highereducation"), Education_Level, false): All options with value 'Postgraduate diploma' are selected in object 'Object Repository/APAC_University/Deakin_University/Dropdown_Highereducation' 

24-10-2024T13:21:58 - [MESSAGE][PASSED] - All options with value 'Postgraduate diploma' are selected in object 'Object Repository/APAC_University/Deakin_University/Dropdown_Highereducation' 

24-10-2024T13:21:58 - [TEST_STEP][PASSED] - Workexperience = findTestObject("Object Repository/APAC_University/Deakin_University/Dropdown_Workexperience"): null

24-10-2024T13:21:58 - [TEST_STEP][PASSED] - selectOptionByIndex(Workexperience, keyPathPackage.customKeywords.selectRandomOptionFromDropdown()): All options with index in [1] are selected on object 'Object Repository/APAC_University/Deakin_University/Dropdown_Workexperience'

24-10-2024T13:21:58 - [MESSAGE][PASSED] - keyPathPackage.customKeywords.selectRandomOptionFromDropdown is PASSED

24-10-2024T13:21:59 - [MESSAGE][PASSED] - All options with index in [1] are selected on object 'Object Repository/APAC_University/Deakin_University/Dropdown_Workexperience'

24-10-2024T13:21:59 - [TEST_STEP][PASSED] - waitForElementClickable(findTestObject("Object Repository/APAC_University/Deakin_University/Button_Nextstep3"), 10): Object 'Object Repository/APAC_University/Deakin_University/Button_Nextstep3' is clickable

24-10-2024T13:21:59 - [MESSAGE][PASSED] - Object 'Object Repository/APAC_University/Deakin_University/Button_Nextstep3' is clickable

24-10-2024T13:21:59 - [TEST_STEP][PASSED] - click(findTestObject("Object Repository/APAC_University/Deakin_University/Button_Nextstep3")): Object: 'Object Repository/APAC_University/Deakin_University/Button_Nextstep3' is clicked on

24-10-2024T13:21:59 - [MESSAGE][PASSED] - Object: 'Object Repository/APAC_University/Deakin_University/Button_Nextstep3' is clicked on

24-10-2024T13:21:59 - [TEST_STEP][PASSED] - Email = keyPathPackage.customKeywords.generateRandomEmail(): keyPathPackage.customKeywords.generateRandomEmail is PASSED

24-10-2024T13:21:59 - [MESSAGE][PASSED] - keyPathPackage.customKeywords.generateRandomEmail is PASSED

24-10-2024T13:21:59 - [TEST_STEP][PASSED] - setText(findTestObject("Object Repository/APAC_University/Deakin_University/Field_Email"), Email): Text 'annett.brakus@yahoo.com' is set on object 'Object Repository/APAC_University/Deakin_University/Field_Email'

24-10-2024T13:22:00 - [MESSAGE][PASSED] - Text 'annett.brakus@yahoo.com' is set on object 'Object Repository/APAC_University/Deakin_University/Field_Email'

24-10-2024T13:22:00 - [TEST_STEP][PASSED] - Phonenumber = keyPathPackage.customKeywords.generateRandomAustralianPhoneNumber(): keyPathPackage.customKeywords.generateRandomAustralianPhoneNumber is PASSED

24-10-2024T13:22:00 - [MESSAGE][PASSED] - keyPathPackage.customKeywords.generateRandomAustralianPhoneNumber is PASSED

24-10-2024T13:22:00 - [TEST_STEP][PASSED] - setText(findTestObject("Object Repository/APAC_University/Deakin_University/Field_Phonenumber"), Phonenumber): Text '0491291976' is set on object 'Object Repository/APAC_University/Deakin_University/Field_Phonenumber'

24-10-2024T13:22:00 - [MESSAGE][PASSED] - Text '0491291976' is set on object 'Object Repository/APAC_University/Deakin_University/Field_Phonenumber'

24-10-2024T13:22:00 - [TEST_STEP][PASSED] - selectOptionByLabel(findTestObject("Object Repository/APAC_University/Deakin_University/Dropdown_Country"), "Australia", false): All options with label 'Australia' are selected in object 'Object Repository/APAC_University/Deakin_University/Dropdown_Country' 

24-10-2024T13:22:01 - [MESSAGE][PASSED] - All options with label 'Australia' are selected in object 'Object Repository/APAC_University/Deakin_University/Dropdown_Country' 

24-10-2024T13:22:01 - [TEST_STEP][PASSED] - Postcode = keyPathPackage.customKeywords.selectRandomPostCode(): keyPathPackage.customKeywords.selectRandomPostCode is PASSED

24-10-2024T13:22:01 - [MESSAGE][PASSED] - keyPathPackage.customKeywords.selectRandomPostCode is PASSED

24-10-2024T13:22:01 - [TEST_STEP][PASSED] - setText(findTestObject("Object Repository/APAC_University/Deakin_University/Field_Postcode"), Postcode): Text '0980' is set on object 'Object Repository/APAC_University/Deakin_University/Field_Postcode'

24-10-2024T13:22:02 - [MESSAGE][PASSED] - Text '0980' is set on object 'Object Repository/APAC_University/Deakin_University/Field_Postcode'

24-10-2024T13:22:02 - [TEST_STEP][PASSED] - setText(findTestObject("Object Repository/APAC_University/Deakin_University/Field_Postcode"), Postcode): Text '0980' is set on object 'Object Repository/APAC_University/Deakin_University/Field_Postcode'

24-10-2024T13:22:02 - [MESSAGE][PASSED] - Text '0980' is set on object 'Object Repository/APAC_University/Deakin_University/Field_Postcode'

24-10-2024T13:22:02 - [TEST_STEP][PASSED] - waitForElementClickable(findTestObject("Object Repository/APAC_University/Deakin_University/Button_Enquiry_Submit"), 10): Object 'Object Repository/APAC_University/Deakin_University/Button_Enquiry_Submit' is clickable

24-10-2024T13:22:02 - [MESSAGE][PASSED] - Object 'Object Repository/APAC_University/Deakin_University/Button_Enquiry_Submit' is clickable

24-10-2024T13:22:02 - [TEST_STEP][PASSED] - click(findTestObject("Object Repository/APAC_University/Deakin_University/Button_Enquiry_Submit")): Object: 'Object Repository/APAC_University/Deakin_University/Button_Enquiry_Submit' is clicked on

24-10-2024T13:22:03 - [MESSAGE][PASSED] - Object: 'Object Repository/APAC_University/Deakin_University/Button_Enquiry_Submit' is clicked on

24-10-2024T13:22:03 - [TEST_STEP][PASSED] - delay(5): Delayed 5 second(s)

24-10-2024T13:22:08 - [MESSAGE][PASSED] - Delayed 5 second(s)

24-10-2024T13:22:08 - [TEST_STEP][PASSED] - verifyElementText(findTestObject("Object Repository/APAC_University/Deakin_University/Verify_Content"), "Thanks - we’ll be in touch soon!"): Actual text and expected text of test object 'Object Repository/APAC_University/Deakin_University/Verify_Content' are matched.

24-10-2024T13:22:08 - [MESSAGE][PASSED] - Actual text and expected text of test object 'Object Repository/APAC_University/Deakin_University/Verify_Content' are matched.

24-10-2024T13:22:08 - [TEST_STEP][PASSED] - closeBrowser(): Browser is closed

24-10-2024T13:22:08 - [MESSAGE][PASSED] - Browser is closed]]></system-out>
         <system-err><![CDATA[]]></system-err>
      </testcase>
      <testcase name="Test Cases/APAC_Universities/SEO_PAGES/University_of_Canberra/Enquiry_Form" time="33.117" classname="Test Cases/APAC_Universities/SEO_PAGES/University_of_Canberra/Enquiry_Form" status="PASSED">
         <system-out><![CDATA[24-10-2024T13:22:08 - [TEST_CASE][PASSED] - Test Cases/APAC_Universities/SEO_PAGES/University_of_Canberra/Enquiry_Form: Test Cases/APAC_Universities/SEO_PAGES/University_of_Canberra/Enquiry_Form

24-10-2024T13:22:08 - [TEST_STEP][PASSED] - callTestCase(findTestCase("Test Cases/APAC_Universities/SEO_PAGES/University_of_Canberra/Resuable_Testcases/Navigate_Url"), [:], STOP_ON_FAILURE): Call Test Case 'Test Cases/APAC_Universities/SEO_PAGES/University_of_Canberra/Resuable_Testcases/Navigate_Url' successfully

24-10-2024T13:22:08 - [TEST_CASE][PASSED] - Test Cases/APAC_Universities/SEO_PAGES/University_of_Canberra/Resuable_Testcases/Navigate_Url: Test Cases/APAC_Universities/SEO_PAGES/University_of_Canberra/Resuable_Testcases/Navigate_Url

24-10-2024T13:22:08 - [TEST_STEP][PASSED] - openBrowser(""): Browser is opened with url: ''

24-10-2024T13:22:08 - [MESSAGE][INFO] - Starting 'Chrome' driver

24-10-2024T13:22:08 - [MESSAGE][INFO] - Action delay is set to 0 milliseconds

24-10-2024T13:22:09 - [MESSAGE][PASSED] - Browser is opened with url: ''

24-10-2024T13:22:09 - [TEST_STEP][PASSED] - navigateToUrl(University_Canberra_URL): Navigate to 'https://key:path@dev-uc-opm.pantheonsite.io/' successfully

24-10-2024T13:22:24 - [MESSAGE][PASSED] - Navigate to 'https://key:path@dev-uc-opm.pantheonsite.io/' successfully

24-10-2024T13:22:24 - [TEST_STEP][PASSED] - maximizeWindow(): Current window maximized

24-10-2024T13:22:24 - [MESSAGE][PASSED] - Current window maximized

24-10-2024T13:22:24 - [MESSAGE][PASSED] - Call Test Case 'Test Cases/APAC_Universities/SEO_PAGES/University_of_Canberra/Resuable_Testcases/Navigate_Url' successfully

24-10-2024T13:22:24 - [TEST_STEP][PASSED] - waitForElementClickable(findTestObject("Object Repository/APAC_University/University_of_Canberra/Button_Enquiry_Now"), 10): Object 'Object Repository/APAC_University/University_of_Canberra/Button_Enquiry_Now' is clickable

24-10-2024T13:22:26 - [MESSAGE][PASSED] - Object 'Object Repository/APAC_University/University_of_Canberra/Button_Enquiry_Now' is clickable

24-10-2024T13:22:26 - [TEST_STEP][PASSED] - click(findTestObject("Object Repository/APAC_University/University_of_Canberra/Button_Enquiry_Now")): Object: 'Object Repository/APAC_University/University_of_Canberra/Button_Enquiry_Now' is clicked on

24-10-2024T13:22:27 - [MESSAGE][PASSED] - Object: 'Object Repository/APAC_University/University_of_Canberra/Button_Enquiry_Now' is clicked on

24-10-2024T13:22:27 - [TEST_STEP][PASSED] - callTestCase(findTestCase("Test Cases/APAC_Universities/SEO_PAGES/University_of_Canberra/Resuable_Testcases/Lead_Form"), [:], STOP_ON_FAILURE): Call Test Case 'Test Cases/APAC_Universities/SEO_PAGES/University_of_Canberra/Resuable_Testcases/Lead_Form' successfully

24-10-2024T13:22:27 - [TEST_CASE][PASSED] - Test Cases/APAC_Universities/SEO_PAGES/University_of_Canberra/Resuable_Testcases/Lead_Form: Test Cases/APAC_Universities/SEO_PAGES/University_of_Canberra/Resuable_Testcases/Lead_Form

24-10-2024T13:22:27 - [TEST_STEP][PASSED] - program = findTestObject("Object Repository/APAC_University/University_of_Canberra/Dropdown_Enquiry_Program"): null

24-10-2024T13:22:27 - [TEST_STEP][PASSED] - selectOptionByIndex(program, keyPathPackage.customKeywords.selectRandomOptionFromDropdown()): All options with index in [1] are selected on object 'Object Repository/APAC_University/University_of_Canberra/Dropdown_Enquiry_Program'

24-10-2024T13:22:27 - [MESSAGE][PASSED] - keyPathPackage.customKeywords.selectRandomOptionFromDropdown is PASSED

24-10-2024T13:22:28 - [MESSAGE][PASSED] - All options with index in [1] are selected on object 'Object Repository/APAC_University/University_of_Canberra/Dropdown_Enquiry_Program'

24-10-2024T13:22:28 - [TEST_STEP][PASSED] - FirstName = keyPathPackage.customKeywords.generateRandomFirstName(): keyPathPackage.customKeywords.generateRandomFirstName is PASSED

24-10-2024T13:22:28 - [MESSAGE][PASSED] - keyPathPackage.customKeywords.generateRandomFirstName is PASSED

24-10-2024T13:22:28 - [TEST_STEP][PASSED] - setText(findTestObject("Object Repository/APAC_University/University_of_Canberra/Field_FirstName"), FirstName): Text 'Tamie' is set on object 'Object Repository/APAC_University/University_of_Canberra/Field_FirstName'

24-10-2024T13:22:29 - [MESSAGE][PASSED] - Text 'Tamie' is set on object 'Object Repository/APAC_University/University_of_Canberra/Field_FirstName'

24-10-2024T13:22:29 - [TEST_STEP][PASSED] - LastName = keyPathPackage.customKeywords.generateRandomLastName(): keyPathPackage.customKeywords.generateRandomLastName is PASSED

24-10-2024T13:22:29 - [MESSAGE][PASSED] - keyPathPackage.customKeywords.generateRandomLastName is PASSED

24-10-2024T13:22:29 - [TEST_STEP][PASSED] - setText(findTestObject("Object Repository/APAC_University/University_of_Canberra/Field_SecondName"), LastName): Text 'Testing Legros' is set on object 'Object Repository/APAC_University/University_of_Canberra/Field_SecondName'

24-10-2024T13:22:29 - [MESSAGE][PASSED] - Text 'Testing Legros' is set on object 'Object Repository/APAC_University/University_of_Canberra/Field_SecondName'

24-10-2024T13:22:29 - [TEST_STEP][PASSED] - waitForElementClickable(findTestObject("Object Repository/APAC_University/University_of_Canberra/Button_Nextstep2"), 10): Object 'Object Repository/APAC_University/University_of_Canberra/Button_Nextstep2' is clickable

24-10-2024T13:22:30 - [MESSAGE][PASSED] - Object 'Object Repository/APAC_University/University_of_Canberra/Button_Nextstep2' is clickable

24-10-2024T13:22:30 - [TEST_STEP][PASSED] - click(findTestObject("Object Repository/APAC_University/University_of_Canberra/Button_Nextstep2")): Object: 'Object Repository/APAC_University/University_of_Canberra/Button_Nextstep2' is clicked on

24-10-2024T13:22:30 - [MESSAGE][PASSED] - Object: 'Object Repository/APAC_University/University_of_Canberra/Button_Nextstep2' is clicked on

24-10-2024T13:22:30 - [TEST_STEP][PASSED] - startdate = findTestObject("Object Repository/APAC_University/University_of_Canberra/Dropdown_Enquiry_StartDate"): null

24-10-2024T13:22:30 - [TEST_STEP][PASSED] - selectOptionByIndex(startdate, keyPathPackage.customKeywords.selectRandomOptionFromDropdown()): All options with index in [2] are selected on object 'Object Repository/APAC_University/University_of_Canberra/Dropdown_Enquiry_StartDate'

24-10-2024T13:22:30 - [MESSAGE][PASSED] - keyPathPackage.customKeywords.selectRandomOptionFromDropdown is PASSED

24-10-2024T13:22:31 - [MESSAGE][PASSED] - All options with index in [2] are selected on object 'Object Repository/APAC_University/University_of_Canberra/Dropdown_Enquiry_StartDate'

24-10-2024T13:22:31 - [TEST_STEP][PASSED] - Enquiryreason = findTestObject("Object Repository/APAC_University/University_of_Canberra/Dropdown_EnquiryReason"): null

24-10-2024T13:22:31 - [TEST_STEP][PASSED] - selectOptionByIndex(Enquiryreason, keyPathPackage.customKeywords.selectRandomOptionFromDropdown()): All options with index in [2] are selected on object 'Object Repository/APAC_University/University_of_Canberra/Dropdown_EnquiryReason'

24-10-2024T13:22:31 - [MESSAGE][PASSED] - keyPathPackage.customKeywords.selectRandomOptionFromDropdown is PASSED

24-10-2024T13:22:32 - [MESSAGE][PASSED] - All options with index in [2] are selected on object 'Object Repository/APAC_University/University_of_Canberra/Dropdown_EnquiryReason'

24-10-2024T13:22:32 - [TEST_STEP][PASSED] - selectOptionByValue(findTestObject("Object Repository/APAC_University/University_of_Canberra/Dropdown_Enquiry_Leveleducation"), Education_Level, false): All options with value 'Postgraduate diploma' are selected in object 'Object Repository/APAC_University/University_of_Canberra/Dropdown_Enquiry_Leveleducation' 

24-10-2024T13:22:32 - [MESSAGE][PASSED] - All options with value 'Postgraduate diploma' are selected in object 'Object Repository/APAC_University/University_of_Canberra/Dropdown_Enquiry_Leveleducation' 

24-10-2024T13:22:32 - [TEST_STEP][PASSED] - Workexperience = findTestObject("Object Repository/APAC_University/University_of_Canberra/Field_Enquiry_Workexperience"): null

24-10-2024T13:22:32 - [TEST_STEP][PASSED] - selectOptionByIndex(Workexperience, keyPathPackage.customKeywords.selectRandomOptionFromDropdown()): All options with index in [2] are selected on object 'Object Repository/APAC_University/University_of_Canberra/Field_Enquiry_Workexperience'

24-10-2024T13:22:32 - [MESSAGE][PASSED] - keyPathPackage.customKeywords.selectRandomOptionFromDropdown is PASSED

24-10-2024T13:22:33 - [MESSAGE][PASSED] - All options with index in [2] are selected on object 'Object Repository/APAC_University/University_of_Canberra/Field_Enquiry_Workexperience'

24-10-2024T13:22:33 - [TEST_STEP][PASSED] - waitForElementClickable(findTestObject("Object Repository/APAC_University/University_of_Canberra/Button_Nextstep3"), 10): Object 'Object Repository/APAC_University/University_of_Canberra/Button_Nextstep3' is clickable

24-10-2024T13:22:33 - [MESSAGE][PASSED] - Object 'Object Repository/APAC_University/University_of_Canberra/Button_Nextstep3' is clickable

24-10-2024T13:22:33 - [TEST_STEP][PASSED] - click(findTestObject("Object Repository/APAC_University/University_of_Canberra/Button_Nextstep3")): Object: 'Object Repository/APAC_University/University_of_Canberra/Button_Nextstep3' is clicked on

24-10-2024T13:22:33 - [MESSAGE][PASSED] - Object: 'Object Repository/APAC_University/University_of_Canberra/Button_Nextstep3' is clicked on

24-10-2024T13:22:33 - [TEST_STEP][PASSED] - Phonenumber = keyPathPackage.customKeywords.generateRandomAustralianPhoneNumber(): keyPathPackage.customKeywords.generateRandomAustralianPhoneNumber is PASSED

24-10-2024T13:22:33 - [MESSAGE][PASSED] - keyPathPackage.customKeywords.generateRandomAustralianPhoneNumber is PASSED

24-10-2024T13:22:33 - [TEST_STEP][PASSED] - setText(findTestObject("Object Repository/APAC_University/University_of_Canberra/Field_Phonenumber"), Phonenumber): Text '0405243601' is set on object 'Object Repository/APAC_University/University_of_Canberra/Field_Phonenumber'

24-10-2024T13:22:34 - [MESSAGE][PASSED] - Text '0405243601' is set on object 'Object Repository/APAC_University/University_of_Canberra/Field_Phonenumber'

24-10-2024T13:22:34 - [TEST_STEP][PASSED] - Email = keyPathPackage.customKeywords.generateRandomEmail(): keyPathPackage.customKeywords.generateRandomEmail is PASSED

24-10-2024T13:22:34 - [MESSAGE][PASSED] - keyPathPackage.customKeywords.generateRandomEmail is PASSED

24-10-2024T13:22:34 - [TEST_STEP][PASSED] - setText(findTestObject("Object Repository/APAC_University/University_of_Canberra/Field_Email"), Email): Text 'ron.beahan@yahoo.com' is set on object 'Object Repository/APAC_University/University_of_Canberra/Field_Email'

24-10-2024T13:22:35 - [MESSAGE][PASSED] - Text 'ron.beahan@yahoo.com' is set on object 'Object Repository/APAC_University/University_of_Canberra/Field_Email'

24-10-2024T13:22:35 - [TEST_STEP][PASSED] - Postcode = keyPathPackage.customKeywords.selectRandomPostCode(): keyPathPackage.customKeywords.selectRandomPostCode is PASSED

24-10-2024T13:22:35 - [MESSAGE][PASSED] - keyPathPackage.customKeywords.selectRandomPostCode is PASSED

24-10-2024T13:22:35 - [TEST_STEP][PASSED] - setText(findTestObject("Object Repository/APAC_University/University_of_Canberra/Field_Postcode"), Postcode): Text '7051' is set on object 'Object Repository/APAC_University/University_of_Canberra/Field_Postcode'

24-10-2024T13:22:35 - [MESSAGE][PASSED] - Text '7051' is set on object 'Object Repository/APAC_University/University_of_Canberra/Field_Postcode'

24-10-2024T13:22:35 - [TEST_STEP][PASSED] - waitForElementClickable(findTestObject("Object Repository/APAC_University/University_of_Canberra/Button_Submit"), 10): Object 'Object Repository/APAC_University/University_of_Canberra/Button_Submit' is clickable

24-10-2024T13:22:36 - [MESSAGE][PASSED] - Object 'Object Repository/APAC_University/University_of_Canberra/Button_Submit' is clickable

24-10-2024T13:22:36 - [TEST_STEP][PASSED] - click(findTestObject("Object Repository/APAC_University/University_of_Canberra/Button_Submit")): Object: 'Object Repository/APAC_University/University_of_Canberra/Button_Submit' is clicked on

24-10-2024T13:22:36 - [MESSAGE][PASSED] - Object: 'Object Repository/APAC_University/University_of_Canberra/Button_Submit' is clicked on

24-10-2024T13:22:36 - [TEST_STEP][PASSED] - delay(5): Delayed 5 second(s)

24-10-2024T13:22:41 - [MESSAGE][PASSED] - Delayed 5 second(s)

24-10-2024T13:22:41 - [TEST_STEP][PASSED] - verifyElementText(findTestObject("Object Repository/APAC_University/University_of_Canberra/Verify_Content"), "Thank you for your enquiry!"): Actual text and expected text of test object 'Object Repository/APAC_University/University_of_Canberra/Verify_Content' are matched.

24-10-2024T13:22:41 - [MESSAGE][PASSED] - Actual text and expected text of test object 'Object Repository/APAC_University/University_of_Canberra/Verify_Content' are matched.

24-10-2024T13:22:41 - [MESSAGE][PASSED] - Call Test Case 'Test Cases/APAC_Universities/SEO_PAGES/University_of_Canberra/Resuable_Testcases/Lead_Form' successfully]]></system-out>
         <system-err><![CDATA[]]></system-err>
      </testcase>
      <testcase name="Test Cases/APAC_Universities/SEO_PAGES/University_of_Canberra/Main_Page" time="15.97" classname="Test Cases/APAC_Universities/SEO_PAGES/University_of_Canberra/Main_Page" status="PASSED">
         <system-out><![CDATA[24-10-2024T13:22:41 - [TEST_CASE][PASSED] - Test Cases/APAC_Universities/SEO_PAGES/University_of_Canberra/Main_Page: Test Cases/APAC_Universities/SEO_PAGES/University_of_Canberra/Main_Page

24-10-2024T13:22:41 - [TEST_STEP][PASSED] - callTestCase(findTestCase("Test Cases/APAC_Universities/SEO_PAGES/University_of_Canberra/Resuable_Testcases/Navigate_Homepage"), [:], STOP_ON_FAILURE): Call Test Case 'Test Cases/APAC_Universities/SEO_PAGES/University_of_Canberra/Resuable_Testcases/Navigate_Homepage' successfully

24-10-2024T13:22:41 - [TEST_CASE][PASSED] - Test Cases/APAC_Universities/SEO_PAGES/University_of_Canberra/Resuable_Testcases/Navigate_Homepage: Test Cases/APAC_Universities/SEO_PAGES/University_of_Canberra/Resuable_Testcases/Navigate_Homepage

24-10-2024T13:22:41 - [TEST_STEP][PASSED] - waitForElementClickable(findTestObject("Object Repository/APAC_University/University_of_Canberra/Image_Homepage"), 10): Object 'Object Repository/APAC_University/University_of_Canberra/Image_Homepage' is clickable

24-10-2024T13:22:41 - [MESSAGE][PASSED] - Object 'Object Repository/APAC_University/University_of_Canberra/Image_Homepage' is clickable

24-10-2024T13:22:41 - [TEST_STEP][PASSED] - click(findTestObject("Object Repository/APAC_University/University_of_Canberra/Image_Homepage")): Object: 'Object Repository/APAC_University/University_of_Canberra/Image_Homepage' is clicked on

24-10-2024T13:22:42 - [MESSAGE][PASSED] - Object: 'Object Repository/APAC_University/University_of_Canberra/Image_Homepage' is clicked on

24-10-2024T13:22:42 - [MESSAGE][PASSED] - Call Test Case 'Test Cases/APAC_Universities/SEO_PAGES/University_of_Canberra/Resuable_Testcases/Navigate_Homepage' successfully

24-10-2024T13:22:42 - [TEST_STEP][PASSED] - callTestCase(findTestCase("Test Cases/APAC_Universities/SEO_PAGES/University_of_Canberra/Resuable_Testcases/Lead_Form"), [:], STOP_ON_FAILURE): Call Test Case 'Test Cases/APAC_Universities/SEO_PAGES/University_of_Canberra/Resuable_Testcases/Lead_Form' successfully

24-10-2024T13:22:42 - [TEST_CASE][PASSED] - Test Cases/APAC_Universities/SEO_PAGES/University_of_Canberra/Resuable_Testcases/Lead_Form: Test Cases/APAC_Universities/SEO_PAGES/University_of_Canberra/Resuable_Testcases/Lead_Form

24-10-2024T13:22:42 - [TEST_STEP][PASSED] - program = findTestObject("Object Repository/APAC_University/University_of_Canberra/Dropdown_Enquiry_Program"): null

24-10-2024T13:22:42 - [TEST_STEP][PASSED] - selectOptionByIndex(program, keyPathPackage.customKeywords.selectRandomOptionFromDropdown()): All options with index in [1] are selected on object 'Object Repository/APAC_University/University_of_Canberra/Dropdown_Enquiry_Program'

24-10-2024T13:22:42 - [MESSAGE][PASSED] - keyPathPackage.customKeywords.selectRandomOptionFromDropdown is PASSED

24-10-2024T13:22:44 - [MESSAGE][PASSED] - All options with index in [1] are selected on object 'Object Repository/APAC_University/University_of_Canberra/Dropdown_Enquiry_Program'

24-10-2024T13:22:44 - [TEST_STEP][PASSED] - FirstName = keyPathPackage.customKeywords.generateRandomFirstName(): keyPathPackage.customKeywords.generateRandomFirstName is PASSED

24-10-2024T13:22:44 - [MESSAGE][PASSED] - keyPathPackage.customKeywords.generateRandomFirstName is PASSED

24-10-2024T13:22:44 - [TEST_STEP][PASSED] - setText(findTestObject("Object Repository/APAC_University/University_of_Canberra/Field_FirstName"), FirstName): Text 'Stevie' is set on object 'Object Repository/APAC_University/University_of_Canberra/Field_FirstName'

24-10-2024T13:22:45 - [MESSAGE][PASSED] - Text 'Stevie' is set on object 'Object Repository/APAC_University/University_of_Canberra/Field_FirstName'

24-10-2024T13:22:45 - [TEST_STEP][PASSED] - LastName = keyPathPackage.customKeywords.generateRandomLastName(): keyPathPackage.customKeywords.generateRandomLastName is PASSED

24-10-2024T13:22:45 - [MESSAGE][PASSED] - keyPathPackage.customKeywords.generateRandomLastName is PASSED

24-10-2024T13:22:45 - [TEST_STEP][PASSED] - setText(findTestObject("Object Repository/APAC_University/University_of_Canberra/Field_SecondName"), LastName): Text 'Testing Treutel' is set on object 'Object Repository/APAC_University/University_of_Canberra/Field_SecondName'

24-10-2024T13:22:45 - [MESSAGE][PASSED] - Text 'Testing Treutel' is set on object 'Object Repository/APAC_University/University_of_Canberra/Field_SecondName'

24-10-2024T13:22:45 - [TEST_STEP][PASSED] - waitForElementClickable(findTestObject("Object Repository/APAC_University/University_of_Canberra/Button_Nextstep2"), 10): Object 'Object Repository/APAC_University/University_of_Canberra/Button_Nextstep2' is clickable

24-10-2024T13:22:46 - [MESSAGE][PASSED] - Object 'Object Repository/APAC_University/University_of_Canberra/Button_Nextstep2' is clickable

24-10-2024T13:22:46 - [TEST_STEP][PASSED] - click(findTestObject("Object Repository/APAC_University/University_of_Canberra/Button_Nextstep2")): Object: 'Object Repository/APAC_University/University_of_Canberra/Button_Nextstep2' is clicked on

24-10-2024T13:22:46 - [MESSAGE][PASSED] - Object: 'Object Repository/APAC_University/University_of_Canberra/Button_Nextstep2' is clicked on

24-10-2024T13:22:46 - [TEST_STEP][PASSED] - startdate = findTestObject("Object Repository/APAC_University/University_of_Canberra/Dropdown_Enquiry_StartDate"): null

24-10-2024T13:22:46 - [TEST_STEP][PASSED] - selectOptionByIndex(startdate, keyPathPackage.customKeywords.selectRandomOptionFromDropdown()): All options with index in [2] are selected on object 'Object Repository/APAC_University/University_of_Canberra/Dropdown_Enquiry_StartDate'

24-10-2024T13:22:46 - [MESSAGE][PASSED] - keyPathPackage.customKeywords.selectRandomOptionFromDropdown is PASSED

24-10-2024T13:22:47 - [MESSAGE][PASSED] - All options with index in [2] are selected on object 'Object Repository/APAC_University/University_of_Canberra/Dropdown_Enquiry_StartDate'

24-10-2024T13:22:47 - [TEST_STEP][PASSED] - Enquiryreason = findTestObject("Object Repository/APAC_University/University_of_Canberra/Dropdown_EnquiryReason"): null

24-10-2024T13:22:47 - [TEST_STEP][PASSED] - selectOptionByIndex(Enquiryreason, keyPathPackage.customKeywords.selectRandomOptionFromDropdown()): All options with index in [1] are selected on object 'Object Repository/APAC_University/University_of_Canberra/Dropdown_EnquiryReason'

24-10-2024T13:22:47 - [MESSAGE][PASSED] - keyPathPackage.customKeywords.selectRandomOptionFromDropdown is PASSED

24-10-2024T13:22:48 - [MESSAGE][PASSED] - All options with index in [1] are selected on object 'Object Repository/APAC_University/University_of_Canberra/Dropdown_EnquiryReason'

24-10-2024T13:22:48 - [TEST_STEP][PASSED] - selectOptionByValue(findTestObject("Object Repository/APAC_University/University_of_Canberra/Dropdown_Enquiry_Leveleducation"), Education_Level, false): All options with value 'Postgraduate diploma' are selected in object 'Object Repository/APAC_University/University_of_Canberra/Dropdown_Enquiry_Leveleducation' 

24-10-2024T13:22:48 - [MESSAGE][PASSED] - All options with value 'Postgraduate diploma' are selected in object 'Object Repository/APAC_University/University_of_Canberra/Dropdown_Enquiry_Leveleducation' 

24-10-2024T13:22:48 - [TEST_STEP][PASSED] - Workexperience = findTestObject("Object Repository/APAC_University/University_of_Canberra/Field_Enquiry_Workexperience"): null

24-10-2024T13:22:48 - [TEST_STEP][PASSED] - selectOptionByIndex(Workexperience, keyPathPackage.customKeywords.selectRandomOptionFromDropdown()): All options with index in [1] are selected on object 'Object Repository/APAC_University/University_of_Canberra/Field_Enquiry_Workexperience'

24-10-2024T13:22:48 - [MESSAGE][PASSED] - keyPathPackage.customKeywords.selectRandomOptionFromDropdown is PASSED

24-10-2024T13:22:49 - [MESSAGE][PASSED] - All options with index in [1] are selected on object 'Object Repository/APAC_University/University_of_Canberra/Field_Enquiry_Workexperience'

24-10-2024T13:22:49 - [TEST_STEP][PASSED] - waitForElementClickable(findTestObject("Object Repository/APAC_University/University_of_Canberra/Button_Nextstep3"), 10): Object 'Object Repository/APAC_University/University_of_Canberra/Button_Nextstep3' is clickable

24-10-2024T13:22:49 - [MESSAGE][PASSED] - Object 'Object Repository/APAC_University/University_of_Canberra/Button_Nextstep3' is clickable

24-10-2024T13:22:49 - [TEST_STEP][PASSED] - click(findTestObject("Object Repository/APAC_University/University_of_Canberra/Button_Nextstep3")): Object: 'Object Repository/APAC_University/University_of_Canberra/Button_Nextstep3' is clicked on

24-10-2024T13:22:49 - [MESSAGE][PASSED] - Object: 'Object Repository/APAC_University/University_of_Canberra/Button_Nextstep3' is clicked on

24-10-2024T13:22:49 - [TEST_STEP][PASSED] - Phonenumber = keyPathPackage.customKeywords.generateRandomAustralianPhoneNumber(): keyPathPackage.customKeywords.generateRandomAustralianPhoneNumber is PASSED

24-10-2024T13:22:49 - [MESSAGE][PASSED] - keyPathPackage.customKeywords.generateRandomAustralianPhoneNumber is PASSED

24-10-2024T13:22:49 - [TEST_STEP][PASSED] - setText(findTestObject("Object Repository/APAC_University/University_of_Canberra/Field_Phonenumber"), Phonenumber): Text '0425059059' is set on object 'Object Repository/APAC_University/University_of_Canberra/Field_Phonenumber'

24-10-2024T13:22:50 - [MESSAGE][PASSED] - Text '0425059059' is set on object 'Object Repository/APAC_University/University_of_Canberra/Field_Phonenumber'

24-10-2024T13:22:50 - [TEST_STEP][PASSED] - Email = keyPathPackage.customKeywords.generateRandomEmail(): keyPathPackage.customKeywords.generateRandomEmail is PASSED

24-10-2024T13:22:50 - [MESSAGE][PASSED] - keyPathPackage.customKeywords.generateRandomEmail is PASSED

24-10-2024T13:22:50 - [TEST_STEP][PASSED] - setText(findTestObject("Object Repository/APAC_University/University_of_Canberra/Field_Email"), Email): Text 'erma.spencer@yahoo.com' is set on object 'Object Repository/APAC_University/University_of_Canberra/Field_Email'

24-10-2024T13:22:51 - [MESSAGE][PASSED] - Text 'erma.spencer@yahoo.com' is set on object 'Object Repository/APAC_University/University_of_Canberra/Field_Email'

24-10-2024T13:22:51 - [TEST_STEP][PASSED] - Postcode = keyPathPackage.customKeywords.selectRandomPostCode(): keyPathPackage.customKeywords.selectRandomPostCode is PASSED

24-10-2024T13:22:51 - [MESSAGE][PASSED] - keyPathPackage.customKeywords.selectRandomPostCode is PASSED

24-10-2024T13:22:51 - [TEST_STEP][PASSED] - setText(findTestObject("Object Repository/APAC_University/University_of_Canberra/Field_Postcode"), Postcode): Text '2912' is set on object 'Object Repository/APAC_University/University_of_Canberra/Field_Postcode'

24-10-2024T13:22:51 - [MESSAGE][PASSED] - Text '2912' is set on object 'Object Repository/APAC_University/University_of_Canberra/Field_Postcode'

24-10-2024T13:22:51 - [TEST_STEP][PASSED] - waitForElementClickable(findTestObject("Object Repository/APAC_University/University_of_Canberra/Button_Submit"), 10): Object 'Object Repository/APAC_University/University_of_Canberra/Button_Submit' is clickable

24-10-2024T13:22:51 - [MESSAGE][PASSED] - Object 'Object Repository/APAC_University/University_of_Canberra/Button_Submit' is clickable

24-10-2024T13:22:51 - [TEST_STEP][PASSED] - click(findTestObject("Object Repository/APAC_University/University_of_Canberra/Button_Submit")): Object: 'Object Repository/APAC_University/University_of_Canberra/Button_Submit' is clicked on

24-10-2024T13:22:52 - [MESSAGE][PASSED] - Object: 'Object Repository/APAC_University/University_of_Canberra/Button_Submit' is clicked on

24-10-2024T13:22:52 - [TEST_STEP][PASSED] - delay(5): Delayed 5 second(s)

24-10-2024T13:22:57 - [MESSAGE][PASSED] - Delayed 5 second(s)

24-10-2024T13:22:57 - [TEST_STEP][PASSED] - verifyElementText(findTestObject("Object Repository/APAC_University/University_of_Canberra/Verify_Content"), "Thank you for your enquiry!"): Actual text and expected text of test object 'Object Repository/APAC_University/University_of_Canberra/Verify_Content' are matched.

24-10-2024T13:22:57 - [MESSAGE][PASSED] - Actual text and expected text of test object 'Object Repository/APAC_University/University_of_Canberra/Verify_Content' are matched.

24-10-2024T13:22:57 - [MESSAGE][PASSED] - Call Test Case 'Test Cases/APAC_Universities/SEO_PAGES/University_of_Canberra/Resuable_Testcases/Lead_Form' successfully

24-10-2024T13:22:57 - [TEST_STEP][PASSED] - closeBrowser(): Browser is closed

24-10-2024T13:22:57 - [MESSAGE][PASSED] - Browser is closed]]></system-out>
         <system-err><![CDATA[]]></system-err>
      </testcase>
      <testcase name="Test Cases/APAC_Universities/SEO_PAGES/Victorian_University/Main_Page" time="25.587" classname="Test Cases/APAC_Universities/SEO_PAGES/Victorian_University/Main_Page" status="PASSED">
         <system-out><![CDATA[24-10-2024T13:22:57 - [TEST_CASE][PASSED] - Test Cases/APAC_Universities/SEO_PAGES/Victorian_University/Main_Page: Test Cases/APAC_Universities/SEO_PAGES/Victorian_University/Main_Page

24-10-2024T13:22:57 - [TEST_STEP][PASSED] - callTestCase(findTestCase("Test Cases/APAC_Universities/SEO_PAGES/Victorian_University/Reusuable_Testcases/Navigate_URL"), [:], STOP_ON_FAILURE): Call Test Case 'Test Cases/APAC_Universities/SEO_PAGES/Victorian_University/Reusuable_Testcases/Navigate_URL' successfully

24-10-2024T13:22:57 - [TEST_CASE][PASSED] - Test Cases/APAC_Universities/SEO_PAGES/Victorian_University/Reusuable_Testcases/Navigate_URL: Test Cases/APAC_Universities/SEO_PAGES/Victorian_University/Reusuable_Testcases/Navigate_URL

24-10-2024T13:22:57 - [TEST_STEP][PASSED] - openBrowser(""): Browser is opened with url: ''

24-10-2024T13:22:57 - [MESSAGE][INFO] - Starting 'Chrome' driver

24-10-2024T13:22:57 - [MESSAGE][INFO] - Action delay is set to 0 milliseconds

24-10-2024T13:22:58 - [MESSAGE][PASSED] - Browser is opened with url: ''

24-10-2024T13:22:58 - [TEST_STEP][PASSED] - navigateToUrl(University_VC): Navigate to 'https://key:path@test-vu-opm.pantheonsite.io' successfully

24-10-2024T13:23:13 - [MESSAGE][PASSED] - Navigate to 'https://key:path@test-vu-opm.pantheonsite.io' successfully

24-10-2024T13:23:13 - [TEST_STEP][PASSED] - maximizeWindow(): Current window maximized

24-10-2024T13:23:13 - [MESSAGE][PASSED] - Current window maximized

24-10-2024T13:23:13 - [MESSAGE][PASSED] - Call Test Case 'Test Cases/APAC_Universities/SEO_PAGES/Victorian_University/Reusuable_Testcases/Navigate_URL' successfully

24-10-2024T13:23:13 - [TEST_STEP][PASSED] - callTestCase(findTestCase("Test Cases/APAC_Universities/SEO_PAGES/Victorian_University/Reusuable_Testcases/Lead_Form"), [:], STOP_ON_FAILURE): Call Test Case 'Test Cases/APAC_Universities/SEO_PAGES/Victorian_University/Reusuable_Testcases/Lead_Form' successfully

24-10-2024T13:23:13 - [TEST_CASE][PASSED] - Test Cases/APAC_Universities/SEO_PAGES/Victorian_University/Reusuable_Testcases/Lead_Form: Test Cases/APAC_Universities/SEO_PAGES/Victorian_University/Reusuable_Testcases/Lead_Form

24-10-2024T13:23:13 - [TEST_STEP][PASSED] - program = findTestObject("Object Repository/APAC_University/Victoria_University/Dropdown_Program"): null

[...]

24-10-2024T13:31:27 - [TEST_STEP][PASSED] - validOptions = optionsrandom.findAll({ -> ... }): null

24-10-2024T13:31:27 - [TEST_STEP][PASSED] - randomdropdown = new java.util.Random(): null

24-10-2024T13:31:27 - [TEST_STEP][PASSED] - randomOptiondropdown = validOptions[randomdropdown.nextInt(validOptions.size())]: null

24-10-2024T13:31:27 - [TEST_STEP][PASSED] - select.selectByValue(randomOptiondropdown.getAttribute("value")): null

24-10-2024T13:31:27 - [TEST_STEP][PASSED] - delay(3): Delayed 3 second(s)

24-10-2024T13:31:30 - [MESSAGE][PASSED] - Delayed 3 second(s)

24-10-2024T13:31:30 - [TEST_STEP][PASSED] - FirstName = keyPathPackage.customKeywords.generateRandomFirstName(): keyPathPackage.customKeywords.generateRandomFirstName is PASSED

24-10-2024T13:31:30 - [MESSAGE][PASSED] - keyPathPackage.customKeywords.generateRandomFirstName is PASSED

24-10-2024T13:31:30 - [TEST_STEP][PASSED] - setText(findTestObject("Object Repository/APAC_University/SIM_University/Field_Firstname"), FirstName): Text 'Harris' is set on object 'Object Repository/APAC_University/SIM_University/Field_Firstname'

24-10-2024T13:31:30 - [MESSAGE][PASSED] - Text 'Harris' is set on object 'Object Repository/APAC_University/SIM_University/Field_Firstname'

24-10-2024T13:31:30 - [TEST_STEP][PASSED] - LastName = keyPathPackage.customKeywords.generateRandomLastName(): keyPathPackage.customKeywords.generateRandomLastName is PASSED

24-10-2024T13:31:30 - [MESSAGE][PASSED] - keyPathPackage.customKeywords.generateRandomLastName is PASSED

24-10-2024T13:31:30 - [TEST_STEP][PASSED] - setText(findTestObject("Object Repository/APAC_University/SIM_University/Field_Lastname"), LastName): Text 'Testing Howell' is set on object 'Object Repository/APAC_University/SIM_University/Field_Lastname'

24-10-2024T13:31:31 - [MESSAGE][PASSED] - Text 'Testing Howell' is set on object 'Object Repository/APAC_University/SIM_University/Field_Lastname'

24-10-2024T13:31:31 - [TEST_STEP][PASSED] - waitForElementClickable(findTestObject("Object Repository/APAC_University/SIM_University/Button_Nextstep1"), 10): Object 'Object Repository/APAC_University/SIM_University/Button_Nextstep1' is clickable

24-10-2024T13:31:31 - [MESSAGE][PASSED] - Object 'Object Repository/APAC_University/SIM_University/Button_Nextstep1' is clickable

24-10-2024T13:31:31 - [TEST_STEP][PASSED] - click(findTestObject("Object Repository/APAC_University/SIM_University/Button_Nextstep1")): Object: 'Object Repository/APAC_University/SIM_University/Button_Nextstep1' is clicked on

24-10-2024T13:31:31 - [MESSAGE][PASSED] - Object: 'Object Repository/APAC_University/SIM_University/Button_Nextstep1' is clicked on

24-10-2024T13:31:31 - [TEST_STEP][PASSED] - startdate = findTestObject("Object Repository/APAC_University/SIM_University/Dropdown_Startdate"): null

24-10-2024T13:31:31 - [TEST_STEP][PASSED] - selectOptionByIndex(startdate, keyPathPackage.customKeywords.selectRandomOptionFromDropdown()): All options with index in [2] are selected on object 'Object Repository/APAC_University/SIM_University/Dropdown_Startdate'

24-10-2024T13:31:31 - [MESSAGE][PASSED] - keyPathPackage.customKeywords.selectRandomOptionFromDropdown is PASSED

24-10-2024T13:31:32 - [MESSAGE][PASSED] - All options with index in [2] are selected on object 'Object Repository/APAC_University/SIM_University/Dropdown_Startdate'

24-10-2024T13:31:32 - [TEST_STEP][PASSED] - Enquiry = findTestObject("Object Repository/APAC_University/SIM_University/Dropdown_Enquiry"): null

24-10-2024T13:31:32 - [TEST_STEP][PASSED] - selectOptionByIndex(Enquiry, keyPathPackage.customKeywords.selectRandomOptionFromDropdown()): All options with index in [2] are selected on object 'Object Repository/APAC_University/SIM_University/Dropdown_Enquiry'

24-10-2024T13:31:32 - [MESSAGE][PASSED] - keyPathPackage.customKeywords.selectRandomOptionFromDropdown is PASSED

24-10-2024T13:31:33 - [MESSAGE][PASSED] - All options with index in [2] are selected on object 'Object Repository/APAC_University/SIM_University/Dropdown_Enquiry'

24-10-2024T13:31:33 - [TEST_STEP][PASSED] - dropdown = findTestObject("Object Repository/APAC_University/SIM_University/Dropdown_Education"): null

24-10-2024T13:31:33 - [TEST_STEP][PASSED] - options = ["High school", "Diploma", "Bachelors degree", "Postgraduate diploma", "Masters Degree"]: null

24-10-2024T13:31:33 - [TEST_STEP][PASSED] - randomOption = options[Random().nextInt(length)]: null

24-10-2024T13:31:33 - [TEST_STEP][PASSED] - selectOptionByValue(dropdown, randomOption, true): All options with value 'Masters Degree' are selected in object 'Object Repository/APAC_University/SIM_University/Dropdown_Education'  using regular expression

24-10-2024T13:31:34 - [MESSAGE][PASSED] - All options with value 'Masters Degree' are selected in object 'Object Repository/APAC_University/SIM_University/Dropdown_Education'  using regular expression

24-10-2024T13:31:34 - [TEST_STEP][PASSED] - Workexperience = findTestObject("Object Repository/APAC_University/SIM_University/Dropdown_Experience"): null

24-10-2024T13:31:34 - [TEST_STEP][PASSED] - selectOptionByIndex(Workexperience, keyPathPackage.customKeywords.selectRandomOptionFromDropdown()): All options with index in [1] are selected on object 'Object Repository/APAC_University/SIM_University/Dropdown_Experience'

24-10-2024T13:31:34 - [MESSAGE][PASSED] - keyPathPackage.customKeywords.selectRandomOptionFromDropdown is PASSED

24-10-2024T13:31:34 - [MESSAGE][PASSED] - All options with index in [1] are selected on object 'Object Repository/APAC_University/SIM_University/Dropdown_Experience'

24-10-2024T13:31:34 - [TEST_STEP][PASSED] - Englishlevel = findTestObject("Object Repository/APAC_University/SIM_University/Dropdown_English"): null

24-10-2024T13:31:34 - [TEST_STEP][PASSED] - selectOptionByIndex(Englishlevel, keyPathPackage.customKeywords.selectRandomOptionFromDropdown()): All options with index in [2] are selected on object 'Object Repository/APAC_University/SIM_University/Dropdown_English'

24-10-2024T13:31:34 - [MESSAGE][PASSED] - keyPathPackage.customKeywords.selectRandomOptionFromDropdown is PASSED

24-10-2024T13:31:35 - [MESSAGE][PASSED] - All options with index in [2] are selected on object 'Object Repository/APAC_University/SIM_University/Dropdown_English'

24-10-2024T13:31:35 - [TEST_STEP][PASSED] - radioButtonGroup = findTestObject("Object Repository/APAC_University/SIM_University/Radiobutton_Years"): null

24-10-2024T13:31:35 - [TEST_STEP][PASSED] - radioButtons = findWebElements(radioButtonGroup, 30): Found web elements by test object Object Repository/APAC_University/SIM_University/Radiobutton_Years

24-10-2024T13:31:35 - [MESSAGE][PASSED] - Found web elements by test object Object Repository/APAC_University/SIM_University/Radiobutton_Years

24-10-2024T13:31:35 - [TEST_STEP][PASSED] - if (radioButtons.size() == 2): null

24-10-2024T13:31:35 - [TEST_STEP][PASSED] - random = new java.util.Random(): null

24-10-2024T13:31:35 - [TEST_STEP][PASSED] - randomIndex = random.nextInt(2): null

24-10-2024T13:31:35 - [TEST_STEP][PASSED] - randomRadioButton = radioButtons.get(randomIndex): null

24-10-2024T13:31:35 - [TEST_STEP][PASSED] - randomRadioButton.click(): null

24-10-2024T13:31:35 - [TEST_STEP][PASSED] - waitForElementClickable(findTestObject("Object Repository/APAC_University/SIM_University/Button_Nextstep2"), 10): Object 'Object Repository/APAC_University/SIM_University/Button_Nextstep2' is clickable

24-10-2024T13:31:36 - [MESSAGE][PASSED] - Object 'Object Repository/APAC_University/SIM_University/Button_Nextstep2' is clickable

24-10-2024T13:31:36 - [TEST_STEP][PASSED] - click(findTestObject("Object Repository/APAC_University/SIM_University/Button_Nextstep2")): Object: 'Object Repository/APAC_University/SIM_University/Button_Nextstep2' is clicked on

24-10-2024T13:31:36 - [MESSAGE][PASSED] - Object: 'Object Repository/APAC_University/SIM_University/Button_Nextstep2' is clicked on

24-10-2024T13:31:36 - [TEST_STEP][PASSED] - Phonenumber = keyPathPackage.customKeywords.generateRandomMalaysianPhoneNumber(): keyPathPackage.customKeywords.generateRandomMalaysianPhoneNumber is PASSED

24-10-2024T13:31:36 - [MESSAGE][PASSED] - keyPathPackage.customKeywords.generateRandomMalaysianPhoneNumber is PASSED

24-10-2024T13:31:36 - [TEST_STEP][PASSED] - setText(findTestObject("Object Repository/APAC_University/SIM_University/Field_Phonenumber"), Phonenumber): Text '126512630' is set on object 'Object Repository/APAC_University/SIM_University/Field_Phonenumber'

24-10-2024T13:31:37 - [MESSAGE][PASSED] - Text '126512630' is set on object 'Object Repository/APAC_University/SIM_University/Field_Phonenumber'

24-10-2024T13:31:37 - [TEST_STEP][PASSED] - Email = keyPathPackage.customKeywords.generateRandomEmail(): keyPathPackage.customKeywords.generateRandomEmail is PASSED

24-10-2024T13:31:37 - [MESSAGE][PASSED] - keyPathPackage.customKeywords.generateRandomEmail is PASSED

24-10-2024T13:31:37 - [TEST_STEP][PASSED] - setText(findTestObject("Object Repository/APAC_University/SIM_University/Field_Email"), Email): Text 'cleo.ernser@yahoo.com' is set on object 'Object Repository/APAC_University/SIM_University/Field_Email'

24-10-2024T13:31:38 - [MESSAGE][PASSED] - Text 'cleo.ernser@yahoo.com' is set on object 'Object Repository/APAC_University/SIM_University/Field_Email'

24-10-2024T13:31:38 - [TEST_STEP][PASSED] - Postcode = keyPathPackage.customKeywords.selectRandomSingaporePostCode(): keyPathPackage.customKeywords.selectRandomSingaporePostCode is PASSED

24-10-2024T13:31:38 - [MESSAGE][PASSED] - keyPathPackage.customKeywords.selectRandomSingaporePostCode is PASSED

24-10-2024T13:31:38 - [TEST_STEP][PASSED] - setText(findTestObject("Object Repository/APAC_University/SIM_University/Field_Postcode"), Postcode): Text '572824' is set on object 'Object Repository/APAC_University/SIM_University/Field_Postcode'

24-10-2024T13:31:38 - [MESSAGE][PASSED] - Text '572824' is set on object 'Object Repository/APAC_University/SIM_University/Field_Postcode'

24-10-2024T13:31:38 - [TEST_STEP][PASSED] - waitForElementClickable(findTestObject("Object Repository/APAC_University/SIM_University/Button_Submit"), 10): Object 'Object Repository/APAC_University/SIM_University/Button_Submit' is clickable

24-10-2024T13:31:38 - [MESSAGE][PASSED] - Object 'Object Repository/APAC_University/SIM_University/Button_Submit' is clickable

24-10-2024T13:31:38 - [TEST_STEP][PASSED] - click(findTestObject("Object Repository/APAC_University/SIM_University/Button_Submit")): Object: 'Object Repository/APAC_University/SIM_University/Button_Submit' is clicked on

24-10-2024T13:31:39 - [MESSAGE][PASSED] - Object: 'Object Repository/APAC_University/SIM_University/Button_Submit' is clicked on

24-10-2024T13:31:39 - [MESSAGE][PASSED] - Call Test Case 'Test Cases/APAC_Universities/SEO_PAGES/SIM_University/Resuable_Testcases/Lead_Form' successfully

24-10-2024T13:31:39 - [TEST_STEP][PASSED] - closeBrowser(): Browser is closed

24-10-2024T13:31:39 - [MESSAGE][PASSED] - Browser is closed]]></system-out>
         <system-err><![CDATA[]]></system-err>
      </testcase>
      <system-out><![CDATA[24-10-2024T13:20:22 - [TEST_SUITE][ERROR] - Keypath_Testsuite_APAC_SEO: Test Cases/APAC_Universities/SEO_PAGES/MBS_University/Short_Courses FAILED.
Reason:
org.openqa.selenium.ElementNotInteractableException: element not interactable
  (Session info: chrome=130.0.6723.59)
Build info: version: '3.141.59', revision: 'unknown', time: 'unknown'
System info: host: 'Madhans-MacBook-Pro.local', ip: '2401:d002:ab04:5000:a403:b65e:885e:e485%en0', os.name: 'Mac OS X', os.arch: 'aarch64', os.version: '14.3.1', java.version: '17.0.7'
Driver info: com.kms.katalon.selenium.driver.CChromeDriver
Capabilities {acceptInsecureCerts: false, browserName: chrome, browserVersion: 130.0.6723.59, chrome: {chromedriverVersion: 130.0.6723.69 (3ec172b971b9..., userDataDir: /var/folders/81/jk91fm7j2_5...}, fedcm:accounts: true, goog:chromeOptions: {debuggerAddress: localhost:59459}, javascriptEnabled: true, networkConnectionEnabled: false, pageLoadStrategy: normal, platform: MAC, platformName: MAC, proxy: Proxy(), setWindowRect: true, strictFileInteractability: false, timeouts: {implicit: 0, pageLoad: 300000, script: 30000}, unhandledPromptBehavior: dismiss and notify, webauthn:extension:credBlob: true, webauthn:extension:largeBlob: true, webauthn:extension:minPinLength: true, webauthn:extension:prf: true, webauthn:virtualAuthenticators: true}
Session ID: bc47c46b10f8e833141387eee15a1bf5
	at java.base/jdk.internal.reflect.NativeConstructorAccessorImpl.newInstance0(Native Method)
	at java.base/jdk.internal.reflect.NativeConstructorAccessorImpl.newInstance(NativeConstructorAccessorImpl.java:77)
	at java.base/jdk.internal.reflect.DelegatingConstructorAccessorImpl.newInstance(DelegatingConstructorAccessorImpl.java:45)
	at org.openqa.selenium.remote.http.W3CHttpResponseCodec.createException(W3CHttpResponseCodec.java:187)
	at org.openqa.selenium.remote.http.W3CHttpResponseCodec.decode(W3CHttpResponseCodec.java:122)
	at org.openqa.selenium.remote.http.W3CHttpResponseCodec.decode(W3CHttpResponseCodec.java:49)
	at org.openqa.selenium.remote.HttpCommandExecutor.execute(HttpCommandExecutor.java:158)
	at org.openqa.selenium.remote.service.DriverCommandExecutor.execute(DriverCommandExecutor.java:83)
	at org.openqa.selenium.remote.RemoteWebDriver.execute(RemoteWebDriver.java:552)
	at com.kms.katalon.selenium.driver.CChromeDriver.execute(CChromeDriver.java:19)
	at org.openqa.selenium.remote.RemoteWebElement.execute(RemoteWebElement.java:285)
	at org.openqa.selenium.remote.RemoteWebElement.click(RemoteWebElement.java:84)
	at jdk.internal.reflect.GeneratedMethodAccessor16.invoke(Unknown Source)
	at java.base/jdk.internal.reflect.DelegatingMethodAccessorImpl.invoke(DelegatingMethodAccessorImpl.java:43)
	at org.openqa.selenium.support.events.EventFiringWebDriver$EventFiringWebElement.lambda$new$0(EventFiringWebDriver.java:404)
	at jdk.proxy2/jdk.proxy2.$Proxy24.click(Unknown Source)
	at org.openqa.selenium.support.events.EventFiringWebDriver$EventFiringWebElement.click(EventFiringWebDriver.java:417)
	at Short_Courses.run(Short_Courses:55)
	at com.kms.katalon.core.main.ScriptEngine.run(ScriptEngine.java:194)
	at com.kms.katalon.core.main.ScriptEngine.runScriptAsRawText(ScriptEngine.java:119)
	at com.kms.katalon.core.main.TestCaseExecutor.runScript(TestCaseExecutor.java:448)
	at com.kms.katalon.core.main.TestCaseExecutor.doExecute(TestCaseExecutor.java:439)
	at com.kms.katalon.core.main.TestCaseExecutor.processExecutionPhase(TestCaseExecutor.java:418)
	at com.kms.katalon.core.main.TestCaseExecutor.accessMainPhase(TestCaseExecutor.java:410)
	at com.kms.katalon.core.main.TestCaseExecutor.execute(TestCaseExecutor.java:285)
	at com.kms.katalon.core.common.CommonExecutor.accessTestCaseMainPhase(CommonExecutor.java:65)
	at com.kms.katalon.core.main.TestSuiteExecutor.accessTestSuiteMainPhase(TestSuiteExecutor.java:150)
	at com.kms.katalon.core.main.TestSuiteExecutor.execute(TestSuiteExecutor.java:106)
	at com.kms.katalon.core.main.TestCaseMain.startTestSuite(TestCaseMain.java:180)
	at TempTestSuite1729736418037.run(TempTestSuite1729736418037.groovy:35)
	at java.base/jdk.internal.reflect.NativeMethodAccessorImpl.invoke0(Native Method)
	at java.base/jdk.internal.reflect.NativeMethodAccessorImpl.invoke(NativeMethodAccessorImpl.java:77)
	at java.base/jdk.internal.reflect.DelegatingMethodAccessorImpl.invoke(DelegatingMethodAccessorImpl.java:43)]]></system-out>
      <system-err><![CDATA[24-10-2024T13:20:22 - [TEST_SUITE][ERROR] - Keypath_Testsuite_APAC_SEO: Test Cases/APAC_Universities/SEO_PAGES/MBS_University/Short_Courses FAILED.
Reason:
org.openqa.selenium.ElementNotInteractableException: element not interactable
  (Session info: chrome=130.0.6723.59)
Build info: version: '3.141.59', revision: 'unknown', time: 'unknown'
System info: host: 'Madhans-MacBook-Pro.local', ip: '2401:d002:ab04:5000:a403:b65e:885e:e485%en0', os.name: 'Mac OS X', os.arch: 'aarch64', os.version: '14.3.1', java.version: '17.0.7'
Driver info: com.kms.katalon.selenium.driver.CChromeDriver
Capabilities {acceptInsecureCerts: false, browserName: chrome, browserVersion: 130.0.6723.59, chrome: {chromedriverVersion: 130.0.6723.69 (3ec172b971b9..., userDataDir: /var/folders/81/jk91fm7j2_5...}, fedcm:accounts: true, goog:chromeOptions: {debuggerAddress: localhost:59459}, javascriptEnabled: true, networkConnectionEnabled: false, pageLoadStrategy: normal, platform: MAC, platformName: MAC, proxy: Proxy(), setWindowRect: true, strictFileInteractability: false, timeouts: {implicit: 0, pageLoad: 300000, script: 30000}, unhandledPromptBehavior: dismiss and notify, webauthn:extension:credBlob: true, webauthn:extension:largeBlob: true, webauthn:extension:minPinLength: true, webauthn:extension:prf: true, webauthn:virtualAuthenticators: true}
Session ID: bc47c46b10f8e833141387eee15a1bf5
	at java.base/jdk.internal.reflect.NativeConstructorAccessorImpl.newInstance0(Native Method)
	at java.base/jdk.internal.reflect.NativeConstructorAccessorImpl.newInstance(NativeConstructorAccessorImpl.java:77)
	at java.base/jdk.internal.reflect.DelegatingConstructorAccessorImpl.newInstance(DelegatingConstructorAccessorImpl.java:45)
	at org.openqa.selenium.remote.http.W3CHttpResponseCodec.createException(W3CHttpResponseCodec.java:187)
	at org.openqa.selenium.remote.http.W3CHttpResponseCodec.decode(W3CHttpResponseCodec.java:122)
	at org.openqa.selenium.remote.http.W3CHttpResponseCodec.decode(W3CHttpResponseCodec.java:49)
	at org.openqa.selenium.remote.HttpCommandExecutor.execute(HttpCommandExecutor.java:158)
	at org.openqa.selenium.remote.service.DriverCommandExecutor.execute(DriverCommandExecutor.java:83)
	at org.openqa.selenium.remote.RemoteWebDriver.execute(RemoteWebDriver.java:552)
	at com.kms.katalon.selenium.driver.CChromeDriver.execute(CChromeDriver.java:19)
	at org.openqa.selenium.remote.RemoteWebElement.execute(RemoteWebElement.java:285)
	at org.openqa.selenium.remote.RemoteWebElement.click(RemoteWebElement.java:84)
	at jdk.internal.reflect.GeneratedMethodAccessor16.invoke(Unknown Source)
	at java.base/jdk.internal.reflect.DelegatingMethodAccessorImpl.invoke(DelegatingMethodAccessorImpl.java:43)
	at org.openqa.selenium.support.events.EventFiringWebDriver$EventFiringWebElement.lambda$new$0(EventFiringWebDriver.java:404)
	at jdk.proxy2/jdk.proxy2.$Proxy24.click(Unknown Source)
	at org.openqa.selenium.support.events.EventFiringWebDriver$EventFiringWebElement.click(EventFiringWebDriver.java:417)
	at Short_Courses.run(Short_Courses:55)
	at com.kms.katalon.core.main.ScriptEngine.run(ScriptEngine.java:194)
	at com.kms.katalon.core.main.ScriptEngine.runScriptAsRawText(ScriptEngine.java:119)
	at com.kms.katalon.core.main.TestCaseExecutor.runScript(TestCaseExecutor.java:448)
	at com.kms.katalon.core.main.TestCaseExecutor.doExecute(TestCaseExecutor.java:439)
	at com.kms.katalon.core.main.TestCaseExecutor.processExecutionPhase(TestCaseExecutor.java:418)
	at com.kms.katalon.core.main.TestCaseExecutor.accessMainPhase(TestCaseExecutor.java:410)
	at com.kms.katalon.core.main.TestCaseExecutor.execute(TestCaseExecutor.java:285)
	at com.kms.katalon.core.common.CommonExecutor.accessTestCaseMainPhase(CommonExecutor.java:65)
	at com.kms.katalon.core.main.TestSuiteExecutor.accessTestSuiteMainPhase(TestSuiteExecutor.java:150)
	at com.kms.katalon.core.main.TestSuiteExecutor.execute(TestSuiteExecutor.java:106)
	at com.kms.katalon.core.main.TestCaseMain.startTestSuite(TestCaseMain.java:180)
	at TempTestSuite1729736418037.run(TempTestSuite1729736418037.groovy:35)
	at java.base/jdk.internal.reflect.NativeMethodAccessorImpl.invoke0(Native Method)
	at java.base/jdk.internal.reflect.NativeMethodAccessorImpl.invoke(NativeMethodAccessorImpl.java:77)
	at java.base/jdk.internal.reflect.DelegatingMethodAccessorImpl.invoke(DelegatingMethodAccessorImpl.java:43)]]></system-err>
   </testsuite>
</testsuites>
